{"C:\\Users\\eizodann\\Desktop\\teamwork-project\\src\\server.js":{"path":"C:\\Users\\eizodann\\Desktop\\teamwork-project\\src\\server.js","statementMap":{"0":{"start":{"line":3,"column":0},"end":{"line":5,"column":3}},"1":{"start":{"line":6,"column":0},"end":{"line":6,"column":28}},"2":{"start":{"line":8,"column":0},"end":{"line":8,"column":27}},"3":{"start":{"line":10,"column":15},"end":{"line":10,"column":57}},"4":{"start":{"line":12,"column":18},"end":{"line":12,"column":64}},"5":{"start":{"line":14,"column":23},"end":{"line":14,"column":81}},"6":{"start":{"line":16,"column":21},"end":{"line":16,"column":78}},"7":{"start":{"line":18,"column":16},"end":{"line":18,"column":68}},"8":{"start":{"line":20,"column":20},"end":{"line":20,"column":76}},"9":{"start":{"line":22,"column":20},"end":{"line":22,"column":76}},"10":{"start":{"line":24,"column":14},"end":{"line":24,"column":63}},"11":{"start":{"line":26,"column":39},"end":{"line":26,"column":95}},"12":{"start":{"line":33,"column":10},"end":{"line":33,"column":36}},"13":{"start":{"line":34,"column":0},"end":{"line":34,"column":39}},"14":{"start":{"line":35,"column":0},"end":{"line":37,"column":4}},"15":{"start":{"line":39,"column":0},"end":{"line":43,"column":3}},"16":{"start":{"line":40,"column":2},"end":{"line":42,"column":5}},"17":{"start":{"line":53,"column":0},"end":{"line":53,"column":46}},"18":{"start":{"line":54,"column":0},"end":{"line":54,"column":41}},"19":{"start":{"line":55,"column":0},"end":{"line":55,"column":45}},"20":{"start":{"line":56,"column":0},"end":{"line":56,"column":45}},"21":{"start":{"line":57,"column":0},"end":{"line":62,"column":3}},"22":{"start":{"line":58,"column":2},"end":{"line":58,"column":52}},"23":{"start":{"line":59,"column":2},"end":{"line":59,"column":79}},"24":{"start":{"line":60,"column":2},"end":{"line":60,"column":81}},"25":{"start":{"line":61,"column":2},"end":{"line":61,"column":9}},"26":{"start":{"line":63,"column":0},"end":{"line":63,"column":43}},"27":{"start":{"line":64,"column":0},"end":{"line":64,"column":41}},"28":{"start":{"line":65,"column":0},"end":{"line":67,"column":3}},"29":{"start":{"line":66,"column":2},"end":{"line":66,"column":66}},"30":{"start":{"line":68,"column":15},"end":{"line":68,"column":18}},"31":{"start":{"line":69,"column":0},"end":{"line":69,"column":30}}},"fnMap":{"0":{"name":"_interopRequireDefault","decl":{"start":{"line":26,"column":9},"end":{"line":26,"column":31}},"loc":{"start":{"line":26,"column":37},"end":{"line":26,"column":97}},"line":26},"1":{"name":"(anonymous_1)","decl":{"start":{"line":39,"column":13},"end":{"line":39,"column":14}},"loc":{"start":{"line":39,"column":42},"end":{"line":43,"column":1}},"line":39},"2":{"name":"(anonymous_2)","decl":{"start":{"line":57,"column":8},"end":{"line":57,"column":9}},"loc":{"start":{"line":57,"column":34},"end":{"line":62,"column":1}},"line":57},"3":{"name":"(anonymous_3)","decl":{"start":{"line":65,"column":36},"end":{"line":65,"column":37}},"loc":{"start":{"line":65,"column":48},"end":{"line":67,"column":1}},"line":65}},"branchMap":{"0":{"loc":{"start":{"line":26,"column":46},"end":{"line":26,"column":94}},"type":"cond-expr","locations":[{"start":{"line":26,"column":70},"end":{"line":26,"column":73}},{"start":{"line":26,"column":76},"end":{"line":26,"column":94}}],"line":26},"1":{"loc":{"start":{"line":26,"column":46},"end":{"line":26,"column":67}},"type":"binary-expr","locations":[{"start":{"line":26,"column":46},"end":{"line":26,"column":49}},{"start":{"line":26,"column":53},"end":{"line":26,"column":67}}],"line":26}},"s":{"0":1,"1":1,"2":1,"3":1,"4":1,"5":1,"6":1,"7":1,"8":1,"9":1,"10":1,"11":8,"12":1,"13":1,"14":1,"15":1,"16":0,"17":1,"18":1,"19":1,"20":1,"21":1,"22":0,"23":0,"24":0,"25":0,"26":1,"27":1,"28":1,"29":1,"30":1,"31":1},"f":{"0":8,"1":0,"2":0,"3":1},"b":{"0":[6,2],"1":[8,8]},"_coverageSchema":"43e27e138ebf9cfc5966b082cf9a028302ed4184","hash":"1f581e10ebef98de314e141ce1d6f51df59858f4","contentHash":"2974a674a955486affb427fa228b601e914b266cb3a11853dd057a4d45438b72"},"C:\\Users\\eizodann\\Desktop\\teamwork-project\\src\\Utils\\feedbackHandler.js":{"path":"C:\\Users\\eizodann\\Desktop\\teamwork-project\\src\\Utils\\feedbackHandler.js","statementMap":{"0":{"start":{"line":3,"column":0},"end":{"line":5,"column":3}},"1":{"start":{"line":6,"column":0},"end":{"line":6,"column":28}},"2":{"start":{"line":8,"column":50},"end":{"line":8,"column":151}},"3":{"start":{"line":8,"column":92},"end":{"line":8,"column":149}},"4":{"start":{"line":10,"column":44},"end":{"line":10,"column":315}},"5":{"start":{"line":10,"column":57},"end":{"line":10,"column":58}},"6":{"start":{"line":10,"column":102},"end":{"line":10,"column":110}},"7":{"start":{"line":10,"column":112},"end":{"line":10,"column":167}},"8":{"start":{"line":10,"column":168},"end":{"line":10,"column":199}},"9":{"start":{"line":10,"column":200},"end":{"line":10,"column":254}},"10":{"start":{"line":10,"column":227},"end":{"line":10,"column":254}},"11":{"start":{"line":10,"column":255},"end":{"line":10,"column":313}},"12":{"start":{"line":12,"column":62},"end":{"line":12,"column":131}},"13":{"start":{"line":12,"column":78},"end":{"line":12,"column":131}},"14":{"start":{"line":12,"column":132},"end":{"line":12,"column":193}},"15":{"start":{"line":12,"column":149},"end":{"line":12,"column":193}},"16":{"start":{"line":12,"column":194},"end":{"line":12,"column":213}},"17":{"start":{"line":16,"column":0},"end":{"line":37,"column":3}},"18":{"start":{"line":18,"column":4},"end":{"line":18,"column":43}},"19":{"start":{"line":21,"column":2},"end":{"line":34,"column":6}},"20":{"start":{"line":24,"column":24},"end":{"line":24,"column":34}},"21":{"start":{"line":25,"column":19},"end":{"line":25,"column":61}},"22":{"start":{"line":26,"column":20},"end":{"line":26,"column":31}},"23":{"start":{"line":27,"column":18},"end":{"line":27,"column":25}},"24":{"start":{"line":28,"column":6},"end":{"line":28,"column":63}},"25":{"start":{"line":29,"column":6},"end":{"line":32,"column":9}},"26":{"start":{"line":36,"column":2},"end":{"line":36,"column":25}},"27":{"start":{"line":39,"column":15},"end":{"line":39,"column":30}},"28":{"start":{"line":40,"column":0},"end":{"line":40,"column":30}}},"fnMap":{"0":{"name":"_classCallCheck","decl":{"start":{"line":8,"column":9},"end":{"line":8,"column":24}},"loc":{"start":{"line":8,"column":48},"end":{"line":8,"column":153}},"line":8},"1":{"name":"_defineProperties","decl":{"start":{"line":10,"column":9},"end":{"line":10,"column":26}},"loc":{"start":{"line":10,"column":42},"end":{"line":10,"column":317}},"line":10},"2":{"name":"_createClass","decl":{"start":{"line":12,"column":9},"end":{"line":12,"column":21}},"loc":{"start":{"line":12,"column":60},"end":{"line":12,"column":215}},"line":12},"3":{"name":"(anonymous_3)","decl":{"start":{"line":16,"column":0},"end":{"line":16,"column":1}},"loc":{"start":{"line":16,"column":12},"end":{"line":37,"column":1}},"line":16},"4":{"name":"FeedbackHandler","decl":{"start":{"line":17,"column":11},"end":{"line":17,"column":26}},"loc":{"start":{"line":17,"column":29},"end":{"line":19,"column":3}},"line":17},"5":{"name":"error","decl":{"start":{"line":23,"column":20},"end":{"line":23,"column":25}},"loc":{"start":{"line":23,"column":47},"end":{"line":33,"column":5}},"line":23}},"branchMap":{"0":{"loc":{"start":{"line":8,"column":50},"end":{"line":8,"column":151}},"type":"if","locations":[{"start":{"line":8,"column":50},"end":{"line":8,"column":151}},{"start":{"line":8,"column":50},"end":{"line":8,"column":151}}],"line":8},"1":{"loc":{"start":{"line":10,"column":136},"end":{"line":10,"column":166}},"type":"binary-expr","locations":[{"start":{"line":10,"column":136},"end":{"line":10,"column":157}},{"start":{"line":10,"column":161},"end":{"line":10,"column":166}}],"line":10},"2":{"loc":{"start":{"line":10,"column":200},"end":{"line":10,"column":254}},"type":"if","locations":[{"start":{"line":10,"column":200},"end":{"line":10,"column":254}},{"start":{"line":10,"column":200},"end":{"line":10,"column":254}}],"line":10},"3":{"loc":{"start":{"line":12,"column":62},"end":{"line":12,"column":131}},"type":"if","locations":[{"start":{"line":12,"column":62},"end":{"line":12,"column":131}},{"start":{"line":12,"column":62},"end":{"line":12,"column":131}}],"line":12},"4":{"loc":{"start":{"line":12,"column":132},"end":{"line":12,"column":193}},"type":"if","locations":[{"start":{"line":12,"column":132},"end":{"line":12,"column":193}},{"start":{"line":12,"column":132},"end":{"line":12,"column":193}}],"line":12},"5":{"loc":{"start":{"line":25,"column":19},"end":{"line":25,"column":61}},"type":"cond-expr","locations":[{"start":{"line":25,"column":44},"end":{"line":25,"column":47}},{"start":{"line":25,"column":50},"end":{"line":25,"column":61}}],"line":25}},"s":{"0":1,"1":1,"2":0,"3":0,"4":1,"5":1,"6":1,"7":1,"8":1,"9":1,"10":1,"11":1,"12":1,"13":0,"14":1,"15":1,"16":1,"17":1,"18":0,"19":1,"20":1,"21":1,"22":1,"23":1,"24":1,"25":1,"26":1,"27":1,"28":1},"f":{"0":0,"1":1,"2":1,"3":1,"4":0,"5":1},"b":{"0":[0,0],"1":[1,1],"2":[1,0],"3":[0,1],"4":[1,0],"5":[0,1]},"_coverageSchema":"43e27e138ebf9cfc5966b082cf9a028302ed4184","hash":"a560c54ccbf9d07790b079ff8de9725b45c897dd","contentHash":"e39bb2796c2fc9f2bbb2dbfadfd4607f61d7e7ea426fa6af15e4855f8328504a"},"C:\\Users\\eizodann\\Desktop\\teamwork-project\\src\\routes\\employeeRoute.js":{"path":"C:\\Users\\eizodann\\Desktop\\teamwork-project\\src\\routes\\employeeRoute.js","statementMap":{"0":{"start":{"line":3,"column":0},"end":{"line":5,"column":3}},"1":{"start":{"line":6,"column":0},"end":{"line":6,"column":28}},"2":{"start":{"line":8,"column":15},"end":{"line":8,"column":33}},"3":{"start":{"line":10,"column":26},"end":{"line":10,"column":94}},"4":{"start":{"line":12,"column":39},"end":{"line":12,"column":95}},"5":{"start":{"line":14,"column":13},"end":{"line":14,"column":35}},"6":{"start":{"line":15,"column":0},"end":{"line":15,"column":80}},"7":{"start":{"line":16,"column":0},"end":{"line":16,"column":75}},"8":{"start":{"line":17,"column":15},"end":{"line":17,"column":21}},"9":{"start":{"line":18,"column":0},"end":{"line":18,"column":30}}},"fnMap":{"0":{"name":"_interopRequireDefault","decl":{"start":{"line":12,"column":9},"end":{"line":12,"column":31}},"loc":{"start":{"line":12,"column":37},"end":{"line":12,"column":97}},"line":12}},"branchMap":{"0":{"loc":{"start":{"line":12,"column":46},"end":{"line":12,"column":94}},"type":"cond-expr","locations":[{"start":{"line":12,"column":70},"end":{"line":12,"column":73}},{"start":{"line":12,"column":76},"end":{"line":12,"column":94}}],"line":12},"1":{"loc":{"start":{"line":12,"column":46},"end":{"line":12,"column":67}},"type":"binary-expr","locations":[{"start":{"line":12,"column":46},"end":{"line":12,"column":49}},{"start":{"line":12,"column":53},"end":{"line":12,"column":67}}],"line":12}},"s":{"0":1,"1":1,"2":1,"3":1,"4":1,"5":1,"6":1,"7":1,"8":1,"9":1},"f":{"0":1},"b":{"0":[1,0],"1":[1,1]},"_coverageSchema":"43e27e138ebf9cfc5966b082cf9a028302ed4184","hash":"432efe73368108e24a0a9464f4e5fd85ce12f26a","contentHash":"c80e86c7bd895eb1fdf891231b3587192bef92a40227ed395efa08b033b8ac15"},"C:\\Users\\eizodann\\Desktop\\teamwork-project\\src\\controllers\\employeeController.js":{"path":"C:\\Users\\eizodann\\Desktop\\teamwork-project\\src\\controllers\\employeeController.js","statementMap":{"0":{"start":{"line":3,"column":0},"end":{"line":5,"column":3}},"1":{"start":{"line":6,"column":0},"end":{"line":6,"column":28}},"2":{"start":{"line":8,"column":14},"end":{"line":8,"column":55}},"3":{"start":{"line":10,"column":17},"end":{"line":10,"column":71}},"4":{"start":{"line":12,"column":20},"end":{"line":12,"column":82}},"5":{"start":{"line":14,"column":20},"end":{"line":14,"column":83}},"6":{"start":{"line":16,"column":39},"end":{"line":16,"column":95}},"7":{"start":{"line":18,"column":50},"end":{"line":18,"column":151}},"8":{"start":{"line":18,"column":92},"end":{"line":18,"column":149}},"9":{"start":{"line":20,"column":44},"end":{"line":20,"column":315}},"10":{"start":{"line":20,"column":57},"end":{"line":20,"column":58}},"11":{"start":{"line":20,"column":102},"end":{"line":20,"column":110}},"12":{"start":{"line":20,"column":112},"end":{"line":20,"column":167}},"13":{"start":{"line":20,"column":168},"end":{"line":20,"column":199}},"14":{"start":{"line":20,"column":200},"end":{"line":20,"column":254}},"15":{"start":{"line":20,"column":227},"end":{"line":20,"column":254}},"16":{"start":{"line":20,"column":255},"end":{"line":20,"column":313}},"17":{"start":{"line":22,"column":62},"end":{"line":22,"column":131}},"18":{"start":{"line":22,"column":78},"end":{"line":22,"column":131}},"19":{"start":{"line":22,"column":132},"end":{"line":22,"column":193}},"20":{"start":{"line":22,"column":149},"end":{"line":22,"column":193}},"21":{"start":{"line":22,"column":194},"end":{"line":22,"column":213}},"22":{"start":{"line":26,"column":0},"end":{"line":140,"column":3}},"23":{"start":{"line":28,"column":4},"end":{"line":28,"column":46}},"24":{"start":{"line":31,"column":2},"end":{"line":137,"column":6}},"25":{"start":{"line":35,"column":6},"end":{"line":77,"column":32}},"26":{"start":{"line":36,"column":8},"end":{"line":76,"column":9}},"27":{"start":{"line":37,"column":10},"end":{"line":75,"column":11}},"28":{"start":{"line":39,"column":14},"end":{"line":39,"column":32}},"29":{"start":{"line":40,"column":14},"end":{"line":40,"column":32}},"30":{"start":{"line":41,"column":14},"end":{"line":41,"column":94}},"31":{"start":{"line":44,"column":14},"end":{"line":44,"column":39}},"32":{"start":{"line":45,"column":14},"end":{"line":45,"column":32}},"33":{"start":{"line":46,"column":14},"end":{"line":50,"column":18}},"34":{"start":{"line":53,"column":14},"end":{"line":53,"column":36}},"35":{"start":{"line":54,"column":14},"end":{"line":54,"column":60}},"36":{"start":{"line":55,"column":14},"end":{"line":59,"column":16}},"37":{"start":{"line":60,"column":14},"end":{"line":63,"column":17}},"38":{"start":{"line":64,"column":14},"end":{"line":64,"column":33}},"39":{"start":{"line":65,"column":14},"end":{"line":65,"column":20}},"40":{"start":{"line":68,"column":14},"end":{"line":68,"column":33}},"41":{"start":{"line":69,"column":14},"end":{"line":69,"column":49}},"42":{"start":{"line":70,"column":14},"end":{"line":70,"column":32}},"43":{"start":{"line":74,"column":14},"end":{"line":74,"column":37}},"44":{"start":{"line":84,"column":6},"end":{"line":135,"column":32}},"45":{"start":{"line":85,"column":8},"end":{"line":134,"column":9}},"46":{"start":{"line":86,"column":10},"end":{"line":133,"column":11}},"47":{"start":{"line":88,"column":14},"end":{"line":88,"column":91}},"48":{"start":{"line":89,"column":14},"end":{"line":89,"column":33}},"49":{"start":{"line":90,"column":14},"end":{"line":90,"column":33}},"50":{"start":{"line":91,"column":14},"end":{"line":91,"column":89}},"51":{"start":{"line":94,"column":14},"end":{"line":94,"column":40}},"52":{"start":{"line":95,"column":14},"end":{"line":99,"column":17}},"53":{"start":{"line":100,"column":14},"end":{"line":100,"column":33}},"54":{"start":{"line":101,"column":14},"end":{"line":101,"column":103}},"55":{"start":{"line":104,"column":14},"end":{"line":104,"column":42}},"56":{"start":{"line":106,"column":14},"end":{"line":109,"column":15}},"57":{"start":{"line":107,"column":16},"end":{"line":107,"column":36}},"58":{"start":{"line":108,"column":16},"end":{"line":108,"column":22}},"59":{"start":{"line":111,"column":14},"end":{"line":111,"column":119}},"60":{"start":{"line":114,"column":14},"end":{"line":117,"column":16}},"61":{"start":{"line":118,"column":14},"end":{"line":121,"column":17}},"62":{"start":{"line":122,"column":14},"end":{"line":122,"column":34}},"63":{"start":{"line":123,"column":14},"end":{"line":123,"column":20}},"64":{"start":{"line":126,"column":14},"end":{"line":126,"column":34}},"65":{"start":{"line":127,"column":14},"end":{"line":127,"column":51}},"66":{"start":{"line":128,"column":14},"end":{"line":128,"column":33}},"67":{"start":{"line":132,"column":14},"end":{"line":132,"column":38}},"68":{"start":{"line":139,"column":2},"end":{"line":139,"column":28}},"69":{"start":{"line":142,"column":15},"end":{"line":142,"column":33}},"70":{"start":{"line":143,"column":0},"end":{"line":143,"column":30}}},"fnMap":{"0":{"name":"_interopRequireDefault","decl":{"start":{"line":16,"column":9},"end":{"line":16,"column":31}},"loc":{"start":{"line":16,"column":37},"end":{"line":16,"column":97}},"line":16},"1":{"name":"_classCallCheck","decl":{"start":{"line":18,"column":9},"end":{"line":18,"column":24}},"loc":{"start":{"line":18,"column":48},"end":{"line":18,"column":153}},"line":18},"2":{"name":"_defineProperties","decl":{"start":{"line":20,"column":9},"end":{"line":20,"column":26}},"loc":{"start":{"line":20,"column":42},"end":{"line":20,"column":317}},"line":20},"3":{"name":"_createClass","decl":{"start":{"line":22,"column":9},"end":{"line":22,"column":21}},"loc":{"start":{"line":22,"column":60},"end":{"line":22,"column":215}},"line":22},"4":{"name":"(anonymous_4)","decl":{"start":{"line":26,"column":0},"end":{"line":26,"column":1}},"loc":{"start":{"line":26,"column":12},"end":{"line":140,"column":1}},"line":26},"5":{"name":"EmployeeController","decl":{"start":{"line":27,"column":11},"end":{"line":27,"column":29}},"loc":{"start":{"line":27,"column":32},"end":{"line":29,"column":3}},"line":27},"6":{"name":"createEmployee","decl":{"start":{"line":33,"column":20},"end":{"line":33,"column":34}},"loc":{"start":{"line":33,"column":51},"end":{"line":78,"column":5}},"line":33},"7":{"name":"createEmployee$","decl":{"start":{"line":35,"column":47},"end":{"line":35,"column":62}},"loc":{"start":{"line":35,"column":73},"end":{"line":77,"column":7}},"line":35},"8":{"name":"signInEmployee","decl":{"start":{"line":81,"column":20},"end":{"line":81,"column":34}},"loc":{"start":{"line":81,"column":51},"end":{"line":136,"column":5}},"line":81},"9":{"name":"signInEmployee$","decl":{"start":{"line":84,"column":47},"end":{"line":84,"column":62}},"loc":{"start":{"line":84,"column":74},"end":{"line":135,"column":7}},"line":84}},"branchMap":{"0":{"loc":{"start":{"line":16,"column":46},"end":{"line":16,"column":94}},"type":"cond-expr","locations":[{"start":{"line":16,"column":70},"end":{"line":16,"column":73}},{"start":{"line":16,"column":76},"end":{"line":16,"column":94}}],"line":16},"1":{"loc":{"start":{"line":16,"column":46},"end":{"line":16,"column":67}},"type":"binary-expr","locations":[{"start":{"line":16,"column":46},"end":{"line":16,"column":49}},{"start":{"line":16,"column":53},"end":{"line":16,"column":67}}],"line":16},"2":{"loc":{"start":{"line":18,"column":50},"end":{"line":18,"column":151}},"type":"if","locations":[{"start":{"line":18,"column":50},"end":{"line":18,"column":151}},{"start":{"line":18,"column":50},"end":{"line":18,"column":151}}],"line":18},"3":{"loc":{"start":{"line":20,"column":136},"end":{"line":20,"column":166}},"type":"binary-expr","locations":[{"start":{"line":20,"column":136},"end":{"line":20,"column":157}},{"start":{"line":20,"column":161},"end":{"line":20,"column":166}}],"line":20},"4":{"loc":{"start":{"line":20,"column":200},"end":{"line":20,"column":254}},"type":"if","locations":[{"start":{"line":20,"column":200},"end":{"line":20,"column":254}},{"start":{"line":20,"column":200},"end":{"line":20,"column":254}}],"line":20},"5":{"loc":{"start":{"line":22,"column":62},"end":{"line":22,"column":131}},"type":"if","locations":[{"start":{"line":22,"column":62},"end":{"line":22,"column":131}},{"start":{"line":22,"column":62},"end":{"line":22,"column":131}}],"line":22},"6":{"loc":{"start":{"line":22,"column":132},"end":{"line":22,"column":193}},"type":"if","locations":[{"start":{"line":22,"column":132},"end":{"line":22,"column":193}},{"start":{"line":22,"column":132},"end":{"line":22,"column":193}}],"line":22},"7":{"loc":{"start":{"line":37,"column":10},"end":{"line":75,"column":11}},"type":"switch","locations":[{"start":{"line":38,"column":12},"end":{"line":41,"column":94}},{"start":{"line":43,"column":12},"end":{"line":50,"column":18}},{"start":{"line":52,"column":12},"end":{"line":65,"column":20}},{"start":{"line":67,"column":12},"end":{"line":70,"column":32}},{"start":{"line":72,"column":12},"end":{"line":72,"column":20}},{"start":{"line":73,"column":12},"end":{"line":74,"column":37}}],"line":37},"8":{"loc":{"start":{"line":86,"column":10},"end":{"line":133,"column":11}},"type":"switch","locations":[{"start":{"line":87,"column":12},"end":{"line":91,"column":89}},{"start":{"line":93,"column":12},"end":{"line":101,"column":103}},{"start":{"line":103,"column":12},"end":{"line":111,"column":119}},{"start":{"line":113,"column":12},"end":{"line":123,"column":20}},{"start":{"line":125,"column":12},"end":{"line":128,"column":33}},{"start":{"line":130,"column":12},"end":{"line":130,"column":20}},{"start":{"line":131,"column":12},"end":{"line":132,"column":38}}],"line":86},"9":{"loc":{"start":{"line":106,"column":14},"end":{"line":109,"column":15}},"type":"if","locations":[{"start":{"line":106,"column":14},"end":{"line":109,"column":15}},{"start":{"line":106,"column":14},"end":{"line":109,"column":15}}],"line":106}},"s":{"0":1,"1":1,"2":1,"3":1,"4":1,"5":1,"6":4,"7":0,"8":0,"9":1,"10":1,"11":2,"12":2,"13":2,"14":2,"15":2,"16":2,"17":1,"18":0,"19":1,"20":1,"21":1,"22":1,"23":0,"24":1,"25":4,"26":12,"27":16,"28":4,"29":4,"30":4,"31":4,"32":4,"33":4,"34":4,"35":4,"36":4,"37":4,"38":4,"39":4,"40":0,"41":0,"42":0,"43":4,"44":2,"45":5,"46":7,"47":2,"48":2,"49":2,"50":2,"51":1,"52":1,"53":1,"54":1,"55":1,"56":1,"57":1,"58":1,"59":0,"60":1,"61":1,"62":1,"63":1,"64":1,"65":1,"66":1,"67":2,"68":1,"69":1,"70":1},"f":{"0":4,"1":0,"2":1,"3":1,"4":1,"5":0,"6":4,"7":12,"8":2,"9":5},"b":{"0":[3,1],"1":[4,4],"2":[0,0],"3":[2,2],"4":[2,0],"5":[0,1],"6":[1,0],"7":[4,4,4,0,4,4],"8":[2,1,1,1,1,2,2],"9":[1,0]},"_coverageSchema":"43e27e138ebf9cfc5966b082cf9a028302ed4184","hash":"542f565a9141b4095ebaed59e73fac1d024e68de","contentHash":"d99e6587ba3ad38c96ff7e7eaabe961b6544c6f29bfcd60471e1e2a227ca04a5"},"C:\\Users\\eizodann\\Desktop\\teamwork-project\\src\\models\\employees.js":{"path":"C:\\Users\\eizodann\\Desktop\\teamwork-project\\src\\models\\employees.js","statementMap":{"0":{"start":{"line":3,"column":0},"end":{"line":5,"column":3}},"1":{"start":{"line":6,"column":0},"end":{"line":6,"column":28}},"2":{"start":{"line":8,"column":14},"end":{"line":8,"column":55}},"3":{"start":{"line":10,"column":13},"end":{"line":10,"column":59}},"4":{"start":{"line":12,"column":20},"end":{"line":12,"column":83}},"5":{"start":{"line":14,"column":39},"end":{"line":14,"column":95}},"6":{"start":{"line":16,"column":50},"end":{"line":16,"column":151}},"7":{"start":{"line":16,"column":92},"end":{"line":16,"column":149}},"8":{"start":{"line":18,"column":44},"end":{"line":18,"column":315}},"9":{"start":{"line":18,"column":57},"end":{"line":18,"column":58}},"10":{"start":{"line":18,"column":102},"end":{"line":18,"column":110}},"11":{"start":{"line":18,"column":112},"end":{"line":18,"column":167}},"12":{"start":{"line":18,"column":168},"end":{"line":18,"column":199}},"13":{"start":{"line":18,"column":200},"end":{"line":18,"column":254}},"14":{"start":{"line":18,"column":227},"end":{"line":18,"column":254}},"15":{"start":{"line":18,"column":255},"end":{"line":18,"column":313}},"16":{"start":{"line":20,"column":62},"end":{"line":20,"column":131}},"17":{"start":{"line":20,"column":78},"end":{"line":20,"column":131}},"18":{"start":{"line":20,"column":132},"end":{"line":20,"column":193}},"19":{"start":{"line":20,"column":149},"end":{"line":20,"column":193}},"20":{"start":{"line":20,"column":194},"end":{"line":20,"column":213}},"21":{"start":{"line":24,"column":0},"end":{"line":97,"column":3}},"22":{"start":{"line":26,"column":4},"end":{"line":26,"column":41}},"23":{"start":{"line":29,"column":2},"end":{"line":94,"column":6}},"24":{"start":{"line":33,"column":6},"end":{"line":58,"column":9}},"25":{"start":{"line":34,"column":8},"end":{"line":57,"column":9}},"26":{"start":{"line":35,"column":10},"end":{"line":56,"column":11}},"27":{"start":{"line":37,"column":14},"end":{"line":37,"column":213}},"28":{"start":{"line":38,"column":14},"end":{"line":38,"column":32}},"29":{"start":{"line":39,"column":14},"end":{"line":39,"column":85}},"30":{"start":{"line":42,"column":14},"end":{"line":42,"column":45}},"31":{"start":{"line":43,"column":14},"end":{"line":43,"column":106}},"32":{"start":{"line":44,"column":14},"end":{"line":44,"column":32}},"33":{"start":{"line":45,"column":14},"end":{"line":47,"column":18}},"34":{"start":{"line":46,"column":16},"end":{"line":46,"column":71}},"35":{"start":{"line":50,"column":14},"end":{"line":50,"column":39}},"36":{"start":{"line":51,"column":14},"end":{"line":51,"column":57}},"37":{"start":{"line":55,"column":14},"end":{"line":55,"column":37}},"38":{"start":{"line":64,"column":6},"end":{"line":92,"column":9}},"39":{"start":{"line":65,"column":8},"end":{"line":91,"column":9}},"40":{"start":{"line":66,"column":10},"end":{"line":90,"column":11}},"41":{"start":{"line":68,"column":14},"end":{"line":68,"column":30}},"42":{"start":{"line":69,"column":14},"end":{"line":69,"column":33}},"43":{"start":{"line":70,"column":14},"end":{"line":72,"column":18}},"44":{"start":{"line":71,"column":16},"end":{"line":71,"column":69}},"45":{"start":{"line":75,"column":14},"end":{"line":75,"column":40}},"46":{"start":{"line":77,"column":14},"end":{"line":80,"column":15}},"47":{"start":{"line":78,"column":16},"end":{"line":78,"column":35}},"48":{"start":{"line":79,"column":16},"end":{"line":79,"column":22}},"49":{"start":{"line":82,"column":14},"end":{"line":82,"column":78}},"50":{"start":{"line":85,"column":14},"end":{"line":85,"column":58}},"51":{"start":{"line":89,"column":14},"end":{"line":89,"column":38}},"52":{"start":{"line":96,"column":2},"end":{"line":96,"column":23}},"53":{"start":{"line":99,"column":15},"end":{"line":99,"column":28}},"54":{"start":{"line":100,"column":0},"end":{"line":100,"column":30}}},"fnMap":{"0":{"name":"_interopRequireDefault","decl":{"start":{"line":14,"column":9},"end":{"line":14,"column":31}},"loc":{"start":{"line":14,"column":37},"end":{"line":14,"column":97}},"line":14},"1":{"name":"_classCallCheck","decl":{"start":{"line":16,"column":9},"end":{"line":16,"column":24}},"loc":{"start":{"line":16,"column":48},"end":{"line":16,"column":153}},"line":16},"2":{"name":"_defineProperties","decl":{"start":{"line":18,"column":9},"end":{"line":18,"column":26}},"loc":{"start":{"line":18,"column":42},"end":{"line":18,"column":317}},"line":18},"3":{"name":"_createClass","decl":{"start":{"line":20,"column":9},"end":{"line":20,"column":21}},"loc":{"start":{"line":20,"column":60},"end":{"line":20,"column":215}},"line":20},"4":{"name":"(anonymous_4)","decl":{"start":{"line":24,"column":0},"end":{"line":24,"column":1}},"loc":{"start":{"line":24,"column":12},"end":{"line":97,"column":1}},"line":24},"5":{"name":"EmployeeModel","decl":{"start":{"line":25,"column":11},"end":{"line":25,"column":24}},"loc":{"start":{"line":25,"column":27},"end":{"line":27,"column":3}},"line":25},"6":{"name":"createEmployee","decl":{"start":{"line":31,"column":20},"end":{"line":31,"column":34}},"loc":{"start":{"line":31,"column":41},"end":{"line":59,"column":5}},"line":31},"7":{"name":"createEmployee$","decl":{"start":{"line":33,"column":47},"end":{"line":33,"column":62}},"loc":{"start":{"line":33,"column":73},"end":{"line":58,"column":7}},"line":33},"8":{"name":"(anonymous_8)","decl":{"start":{"line":45,"column":233},"end":{"line":45,"column":234}},"loc":{"start":{"line":45,"column":250},"end":{"line":47,"column":15}},"line":45},"9":{"name":"getUserEmail","decl":{"start":{"line":62,"column":20},"end":{"line":62,"column":32}},"loc":{"start":{"line":62,"column":40},"end":{"line":93,"column":5}},"line":62},"10":{"name":"getUserEmail$","decl":{"start":{"line":64,"column":47},"end":{"line":64,"column":60}},"loc":{"start":{"line":64,"column":72},"end":{"line":92,"column":7}},"line":64},"11":{"name":"(anonymous_11)","decl":{"start":{"line":70,"column":130},"end":{"line":70,"column":131}},"loc":{"start":{"line":70,"column":145},"end":{"line":72,"column":15}},"line":70}},"branchMap":{"0":{"loc":{"start":{"line":14,"column":46},"end":{"line":14,"column":94}},"type":"cond-expr","locations":[{"start":{"line":14,"column":70},"end":{"line":14,"column":73}},{"start":{"line":14,"column":76},"end":{"line":14,"column":94}}],"line":14},"1":{"loc":{"start":{"line":14,"column":46},"end":{"line":14,"column":67}},"type":"binary-expr","locations":[{"start":{"line":14,"column":46},"end":{"line":14,"column":49}},{"start":{"line":14,"column":53},"end":{"line":14,"column":67}}],"line":14},"2":{"loc":{"start":{"line":16,"column":50},"end":{"line":16,"column":151}},"type":"if","locations":[{"start":{"line":16,"column":50},"end":{"line":16,"column":151}},{"start":{"line":16,"column":50},"end":{"line":16,"column":151}}],"line":16},"3":{"loc":{"start":{"line":18,"column":136},"end":{"line":18,"column":166}},"type":"binary-expr","locations":[{"start":{"line":18,"column":136},"end":{"line":18,"column":157}},{"start":{"line":18,"column":161},"end":{"line":18,"column":166}}],"line":18},"4":{"loc":{"start":{"line":18,"column":200},"end":{"line":18,"column":254}},"type":"if","locations":[{"start":{"line":18,"column":200},"end":{"line":18,"column":254}},{"start":{"line":18,"column":200},"end":{"line":18,"column":254}}],"line":18},"5":{"loc":{"start":{"line":20,"column":62},"end":{"line":20,"column":131}},"type":"if","locations":[{"start":{"line":20,"column":62},"end":{"line":20,"column":131}},{"start":{"line":20,"column":62},"end":{"line":20,"column":131}}],"line":20},"6":{"loc":{"start":{"line":20,"column":132},"end":{"line":20,"column":193}},"type":"if","locations":[{"start":{"line":20,"column":132},"end":{"line":20,"column":193}},{"start":{"line":20,"column":132},"end":{"line":20,"column":193}}],"line":20},"7":{"loc":{"start":{"line":35,"column":10},"end":{"line":56,"column":11}},"type":"switch","locations":[{"start":{"line":36,"column":12},"end":{"line":39,"column":85}},{"start":{"line":41,"column":12},"end":{"line":47,"column":18}},{"start":{"line":49,"column":12},"end":{"line":51,"column":57}},{"start":{"line":53,"column":12},"end":{"line":53,"column":19}},{"start":{"line":54,"column":12},"end":{"line":55,"column":37}}],"line":35},"8":{"loc":{"start":{"line":66,"column":10},"end":{"line":90,"column":11}},"type":"switch","locations":[{"start":{"line":67,"column":12},"end":{"line":72,"column":18}},{"start":{"line":74,"column":12},"end":{"line":82,"column":78}},{"start":{"line":84,"column":12},"end":{"line":85,"column":58}},{"start":{"line":87,"column":12},"end":{"line":87,"column":19}},{"start":{"line":88,"column":12},"end":{"line":89,"column":38}}],"line":66},"9":{"loc":{"start":{"line":77,"column":14},"end":{"line":80,"column":15}},"type":"if","locations":[{"start":{"line":77,"column":14},"end":{"line":80,"column":15}},{"start":{"line":77,"column":14},"end":{"line":80,"column":15}}],"line":77}},"s":{"0":1,"1":1,"2":1,"3":1,"4":1,"5":3,"6":0,"7":0,"8":1,"9":1,"10":2,"11":2,"12":2,"13":2,"14":2,"15":2,"16":1,"17":0,"18":1,"19":1,"20":1,"21":1,"22":0,"23":1,"24":4,"25":16,"26":16,"27":4,"28":4,"29":4,"30":4,"31":4,"32":4,"33":4,"34":0,"35":4,"36":4,"37":4,"38":2,"39":6,"40":7,"41":2,"42":2,"43":2,"44":0,"45":2,"46":2,"47":1,"48":1,"49":1,"50":1,"51":2,"52":1,"53":1,"54":1},"f":{"0":3,"1":0,"2":1,"3":1,"4":1,"5":0,"6":4,"7":16,"8":0,"9":2,"10":6,"11":0},"b":{"0":[2,1],"1":[3,3],"2":[0,0],"3":[2,2],"4":[2,0],"5":[0,1],"6":[1,0],"7":[4,4,4,0,4],"8":[2,2,1,0,2],"9":[1,1]},"_coverageSchema":"43e27e138ebf9cfc5966b082cf9a028302ed4184","hash":"20fb46b8e55f2b1b4643640b703990ea66e526d2","contentHash":"24b73d48fde059d569564f101816fa81ed3838a607667048e43c8f5fea2c2013"},"C:\\Users\\eizodann\\Desktop\\teamwork-project\\src\\DB\\index.js":{"path":"C:\\Users\\eizodann\\Desktop\\teamwork-project\\src\\DB\\index.js","statementMap":{"0":{"start":{"line":3,"column":0},"end":{"line":5,"column":3}},"1":{"start":{"line":6,"column":0},"end":{"line":6,"column":28}},"2":{"start":{"line":8,"column":10},"end":{"line":8,"column":23}},"3":{"start":{"line":10,"column":14},"end":{"line":10,"column":64}},"4":{"start":{"line":12,"column":39},"end":{"line":12,"column":95}},"5":{"start":{"line":14,"column":50},"end":{"line":14,"column":151}},"6":{"start":{"line":14,"column":92},"end":{"line":14,"column":149}},"7":{"start":{"line":16,"column":44},"end":{"line":16,"column":315}},"8":{"start":{"line":16,"column":57},"end":{"line":16,"column":58}},"9":{"start":{"line":16,"column":102},"end":{"line":16,"column":110}},"10":{"start":{"line":16,"column":112},"end":{"line":16,"column":167}},"11":{"start":{"line":16,"column":168},"end":{"line":16,"column":199}},"12":{"start":{"line":16,"column":200},"end":{"line":16,"column":254}},"13":{"start":{"line":16,"column":227},"end":{"line":16,"column":254}},"14":{"start":{"line":16,"column":255},"end":{"line":16,"column":313}},"15":{"start":{"line":18,"column":62},"end":{"line":18,"column":131}},"16":{"start":{"line":18,"column":78},"end":{"line":18,"column":131}},"17":{"start":{"line":18,"column":132},"end":{"line":18,"column":193}},"18":{"start":{"line":18,"column":149},"end":{"line":18,"column":193}},"19":{"start":{"line":18,"column":194},"end":{"line":18,"column":213}},"20":{"start":{"line":20,"column":11},"end":{"line":22,"column":2}},"21":{"start":{"line":26,"column":0},"end":{"line":61,"column":3}},"22":{"start":{"line":28,"column":4},"end":{"line":28,"column":36}},"23":{"start":{"line":31,"column":2},"end":{"line":58,"column":6}},"24":{"start":{"line":37,"column":18},"end":{"line":37,"column":27}},"25":{"start":{"line":38,"column":6},"end":{"line":56,"column":9}},"26":{"start":{"line":39,"column":8},"end":{"line":55,"column":9}},"27":{"start":{"line":40,"column":10},"end":{"line":54,"column":11}},"28":{"start":{"line":42,"column":14},"end":{"line":42,"column":86}},"29":{"start":{"line":43,"column":14},"end":{"line":43,"column":32}},"30":{"start":{"line":44,"column":14},"end":{"line":44,"column":73}},"31":{"start":{"line":47,"column":14},"end":{"line":47,"column":39}},"32":{"start":{"line":48,"column":14},"end":{"line":48,"column":66}},"33":{"start":{"line":49,"column":14},"end":{"line":49,"column":55}},"34":{"start":{"line":53,"column":14},"end":{"line":53,"column":37}},"35":{"start":{"line":60,"column":2},"end":{"line":60,"column":18}},"36":{"start":{"line":63,"column":15},"end":{"line":63,"column":23}},"37":{"start":{"line":64,"column":0},"end":{"line":64,"column":30}}},"fnMap":{"0":{"name":"_interopRequireDefault","decl":{"start":{"line":12,"column":9},"end":{"line":12,"column":31}},"loc":{"start":{"line":12,"column":37},"end":{"line":12,"column":97}},"line":12},"1":{"name":"_classCallCheck","decl":{"start":{"line":14,"column":9},"end":{"line":14,"column":24}},"loc":{"start":{"line":14,"column":48},"end":{"line":14,"column":153}},"line":14},"2":{"name":"_defineProperties","decl":{"start":{"line":16,"column":9},"end":{"line":16,"column":26}},"loc":{"start":{"line":16,"column":42},"end":{"line":16,"column":317}},"line":16},"3":{"name":"_createClass","decl":{"start":{"line":18,"column":9},"end":{"line":18,"column":21}},"loc":{"start":{"line":18,"column":60},"end":{"line":18,"column":215}},"line":18},"4":{"name":"(anonymous_4)","decl":{"start":{"line":26,"column":0},"end":{"line":26,"column":1}},"loc":{"start":{"line":26,"column":12},"end":{"line":61,"column":1}},"line":26},"5":{"name":"Database","decl":{"start":{"line":27,"column":11},"end":{"line":27,"column":19}},"loc":{"start":{"line":27,"column":22},"end":{"line":29,"column":3}},"line":27},"6":{"name":"query","decl":{"start":{"line":33,"column":20},"end":{"line":33,"column":25}},"loc":{"start":{"line":33,"column":41},"end":{"line":57,"column":5}},"line":33},"7":{"name":"query$","decl":{"start":{"line":38,"column":47},"end":{"line":38,"column":53}},"loc":{"start":{"line":38,"column":64},"end":{"line":56,"column":7}},"line":38}},"branchMap":{"0":{"loc":{"start":{"line":12,"column":46},"end":{"line":12,"column":94}},"type":"cond-expr","locations":[{"start":{"line":12,"column":70},"end":{"line":12,"column":73}},{"start":{"line":12,"column":76},"end":{"line":12,"column":94}}],"line":12},"1":{"loc":{"start":{"line":12,"column":46},"end":{"line":12,"column":67}},"type":"binary-expr","locations":[{"start":{"line":12,"column":46},"end":{"line":12,"column":49}},{"start":{"line":12,"column":53},"end":{"line":12,"column":67}}],"line":12},"2":{"loc":{"start":{"line":14,"column":50},"end":{"line":14,"column":151}},"type":"if","locations":[{"start":{"line":14,"column":50},"end":{"line":14,"column":151}},{"start":{"line":14,"column":50},"end":{"line":14,"column":151}}],"line":14},"3":{"loc":{"start":{"line":16,"column":136},"end":{"line":16,"column":166}},"type":"binary-expr","locations":[{"start":{"line":16,"column":136},"end":{"line":16,"column":157}},{"start":{"line":16,"column":161},"end":{"line":16,"column":166}}],"line":16},"4":{"loc":{"start":{"line":16,"column":200},"end":{"line":16,"column":254}},"type":"if","locations":[{"start":{"line":16,"column":200},"end":{"line":16,"column":254}},{"start":{"line":16,"column":200},"end":{"line":16,"column":254}}],"line":16},"5":{"loc":{"start":{"line":18,"column":62},"end":{"line":18,"column":131}},"type":"if","locations":[{"start":{"line":18,"column":62},"end":{"line":18,"column":131}},{"start":{"line":18,"column":62},"end":{"line":18,"column":131}}],"line":18},"6":{"loc":{"start":{"line":18,"column":132},"end":{"line":18,"column":193}},"type":"if","locations":[{"start":{"line":18,"column":132},"end":{"line":18,"column":193}},{"start":{"line":18,"column":132},"end":{"line":18,"column":193}}],"line":18},"7":{"loc":{"start":{"line":40,"column":10},"end":{"line":54,"column":11}},"type":"switch","locations":[{"start":{"line":41,"column":12},"end":{"line":44,"column":73}},{"start":{"line":46,"column":12},"end":{"line":49,"column":55}},{"start":{"line":51,"column":12},"end":{"line":51,"column":19}},{"start":{"line":52,"column":12},"end":{"line":53,"column":37}}],"line":40},"8":{"loc":{"start":{"line":42,"column":24},"end":{"line":42,"column":85}},"type":"cond-expr","locations":[{"start":{"line":42,"column":69},"end":{"line":42,"column":77}},{"start":{"line":42,"column":80},"end":{"line":42,"column":85}}],"line":42},"9":{"loc":{"start":{"line":42,"column":24},"end":{"line":42,"column":66}},"type":"binary-expr","locations":[{"start":{"line":42,"column":24},"end":{"line":42,"column":40}},{"start":{"line":42,"column":44},"end":{"line":42,"column":66}}],"line":42},"10":{"loc":{"start":{"line":48,"column":23},"end":{"line":48,"column":65}},"type":"cond-expr","locations":[{"start":{"line":48,"column":33},"end":{"line":48,"column":46}},{"start":{"line":48,"column":49},"end":{"line":48,"column":65}}],"line":48}},"s":{"0":1,"1":1,"2":1,"3":1,"4":1,"5":0,"6":0,"7":1,"8":1,"9":1,"10":1,"11":1,"12":1,"13":1,"14":1,"15":1,"16":0,"17":1,"18":1,"19":1,"20":1,"21":1,"22":0,"23":1,"24":24,"25":24,"26":72,"27":72,"28":24,"29":24,"30":24,"31":24,"32":24,"33":24,"34":24,"35":1,"36":1,"37":1},"f":{"0":1,"1":0,"2":1,"3":1,"4":1,"5":0,"6":24,"7":72},"b":{"0":[1,0],"1":[1,1],"2":[0,0],"3":[1,1],"4":[1,0],"5":[0,1],"6":[1,0],"7":[24,24,0,24],"8":[3,21],"9":[24,3],"10":[3,21]},"_coverageSchema":"43e27e138ebf9cfc5966b082cf9a028302ed4184","hash":"5ab8eea778b1fee2ff209bda5def31b58098ddc0","contentHash":"5b09ceed2085b7adb1e68454c617d3e7ad0014309a4f0627f77938a5d6ef4962"},"C:\\Users\\eizodann\\Desktop\\teamwork-project\\src\\Utils\\helper.js":{"path":"C:\\Users\\eizodann\\Desktop\\teamwork-project\\src\\Utils\\helper.js","statementMap":{"0":{"start":{"line":3,"column":0},"end":{"line":5,"column":3}},"1":{"start":{"line":6,"column":0},"end":{"line":6,"column":28}},"2":{"start":{"line":8,"column":0},"end":{"line":8,"column":25}},"3":{"start":{"line":10,"column":13},"end":{"line":10,"column":15}},"4":{"start":{"line":12,"column":0},"end":{"line":27,"column":1}},"5":{"start":{"line":14,"column":4},"end":{"line":14,"column":41}},"6":{"start":{"line":15,"column":4},"end":{"line":15,"column":35}},"7":{"start":{"line":16,"column":4},"end":{"line":16,"column":10}},"8":{"start":{"line":19,"column":4},"end":{"line":19,"column":38}},"9":{"start":{"line":20,"column":4},"end":{"line":20,"column":35}},"10":{"start":{"line":21,"column":4},"end":{"line":21,"column":10}},"11":{"start":{"line":24,"column":4},"end":{"line":24,"column":38}},"12":{"start":{"line":25,"column":4},"end":{"line":25,"column":43}},"13":{"start":{"line":26,"column":4},"end":{"line":26,"column":10}},"14":{"start":{"line":29,"column":15},"end":{"line":29,"column":21}},"15":{"start":{"line":30,"column":0},"end":{"line":30,"column":30}}},"fnMap":{},"branchMap":{"0":{"loc":{"start":{"line":12,"column":0},"end":{"line":27,"column":1}},"type":"switch","locations":[{"start":{"line":13,"column":2},"end":{"line":16,"column":10}},{"start":{"line":18,"column":2},"end":{"line":21,"column":10}},{"start":{"line":23,"column":2},"end":{"line":26,"column":10}}],"line":12},"1":{"loc":{"start":{"line":25,"column":18},"end":{"line":25,"column":42}},"type":"binary-expr","locations":[{"start":{"line":25,"column":18},"end":{"line":25,"column":34}},{"start":{"line":25,"column":38},"end":{"line":25,"column":42}}],"line":25}},"s":{"0":1,"1":1,"2":1,"3":1,"4":1,"5":0,"6":0,"7":0,"8":0,"9":0,"10":0,"11":1,"12":1,"13":1,"14":1,"15":1},"f":{},"b":{"0":[0,0,1],"1":[1,0]},"_coverageSchema":"43e27e138ebf9cfc5966b082cf9a028302ed4184","hash":"593ea62578bb4e2496d67d2923588e0242a6789f","contentHash":"b18cf99b01f11ba77b78c265eadcc3ad56592302237fb6f6b6792693462e4df4"},"C:\\Users\\eizodann\\Desktop\\teamwork-project\\src\\ErrorHandler\\errorhandler.js":{"path":"C:\\Users\\eizodann\\Desktop\\teamwork-project\\src\\ErrorHandler\\errorhandler.js","statementMap":{"0":{"start":{"line":3,"column":0},"end":{"line":5,"column":3}},"1":{"start":{"line":6,"column":0},"end":{"line":6,"column":28}},"2":{"start":{"line":8,"column":24},"end":{"line":8,"column":328}},"3":{"start":{"line":8,"column":99},"end":{"line":8,"column":154}},"4":{"start":{"line":8,"column":133},"end":{"line":8,"column":151}},"5":{"start":{"line":8,"column":164},"end":{"line":8,"column":326}},"6":{"start":{"line":8,"column":198},"end":{"line":8,"column":323}},"7":{"start":{"line":8,"column":329},"end":{"line":8,"column":349}},"8":{"start":{"line":10,"column":50},"end":{"line":10,"column":151}},"9":{"start":{"line":10,"column":92},"end":{"line":10,"column":149}},"10":{"start":{"line":12,"column":50},"end":{"line":12,"column":138}},"11":{"start":{"line":12,"column":124},"end":{"line":12,"column":136}},"12":{"start":{"line":12,"column":139},"end":{"line":12,"column":175}},"13":{"start":{"line":14,"column":40},"end":{"line":14,"column":151}},"14":{"start":{"line":14,"column":63},"end":{"line":14,"column":149}},"15":{"start":{"line":14,"column":152},"end":{"line":14,"column":164}},"16":{"start":{"line":16,"column":43},"end":{"line":16,"column":182}},"17":{"start":{"line":16,"column":106},"end":{"line":16,"column":180}},"18":{"start":{"line":16,"column":183},"end":{"line":16,"column":328}},"19":{"start":{"line":16,"column":329},"end":{"line":16,"column":383}},"20":{"start":{"line":16,"column":345},"end":{"line":16,"column":383}},"21":{"start":{"line":18,"column":48},"end":{"line":18,"column":97}},"22":{"start":{"line":18,"column":99},"end":{"line":18,"column":725}},"23":{"start":{"line":18,"column":153},"end":{"line":18,"column":215}},"24":{"start":{"line":18,"column":202},"end":{"line":18,"column":215}},"25":{"start":{"line":18,"column":216},"end":{"line":18,"column":327}},"26":{"start":{"line":18,"column":251},"end":{"line":18,"column":325}},"27":{"start":{"line":18,"column":328},"end":{"line":18,"column":443}},"28":{"start":{"line":18,"column":365},"end":{"line":18,"column":413}},"29":{"start":{"line":18,"column":388},"end":{"line":18,"column":413}},"30":{"start":{"line":18,"column":414},"end":{"line":18,"column":441}},"31":{"start":{"line":18,"column":465},"end":{"line":18,"column":536}},"32":{"start":{"line":18,"column":539},"end":{"line":18,"column":682}},"33":{"start":{"line":18,"column":683},"end":{"line":18,"column":722}},"34":{"start":{"line":18,"column":726},"end":{"line":18,"column":757}},"35":{"start":{"line":20,"column":38},"end":{"line":20,"column":109}},"36":{"start":{"line":20,"column":96},"end":{"line":20,"column":109}},"37":{"start":{"line":20,"column":110},"end":{"line":20,"column":151}},"38":{"start":{"line":20,"column":138},"end":{"line":20,"column":151}},"39":{"start":{"line":20,"column":152},"end":{"line":20,"column":197}},"40":{"start":{"line":20,"column":185},"end":{"line":20,"column":197}},"41":{"start":{"line":20,"column":198},"end":{"line":20,"column":321}},"42":{"start":{"line":20,"column":204},"end":{"line":20,"column":278}},"43":{"start":{"line":20,"column":279},"end":{"line":20,"column":291}},"44":{"start":{"line":20,"column":306},"end":{"line":20,"column":319}},"45":{"start":{"line":22,"column":43},"end":{"line":22,"column":373}},"46":{"start":{"line":22,"column":77},"end":{"line":22,"column":108}},"47":{"start":{"line":22,"column":118},"end":{"line":22,"column":371}},"48":{"start":{"line":22,"column":182},"end":{"line":22,"column":188}},"49":{"start":{"line":22,"column":190},"end":{"line":22,"column":212}},"50":{"start":{"line":22,"column":231},"end":{"line":22,"column":261}},"51":{"start":{"line":22,"column":278},"end":{"line":22,"column":295}},"52":{"start":{"line":22,"column":297},"end":{"line":22,"column":351}},"53":{"start":{"line":22,"column":308},"end":{"line":22,"column":351}},"54":{"start":{"line":22,"column":352},"end":{"line":22,"column":368}},"55":{"start":{"line":22,"column":374},"end":{"line":22,"column":415}},"56":{"start":{"line":24,"column":33},"end":{"line":24,"column":99}},"57":{"start":{"line":26,"column":33},"end":{"line":26,"column":138}},"58":{"start":{"line":26,"column":109},"end":{"line":26,"column":125}},"59":{"start":{"line":26,"column":126},"end":{"line":26,"column":135}},"60":{"start":{"line":26,"column":139},"end":{"line":26,"column":168}},"61":{"start":{"line":28,"column":30},"end":{"line":28,"column":176}},"62":{"start":{"line":28,"column":126},"end":{"line":28,"column":173}},"63":{"start":{"line":28,"column":177},"end":{"line":28,"column":203}},"64":{"start":{"line":32,"column":0},"end":{"line":46,"column":26}},"65":{"start":{"line":33,"column":2},"end":{"line":33,"column":34}},"66":{"start":{"line":38,"column":4},"end":{"line":38,"column":40}},"67":{"start":{"line":40,"column":4},"end":{"line":40,"column":96}},"68":{"start":{"line":41,"column":4},"end":{"line":41,"column":26}},"69":{"start":{"line":42,"column":4},"end":{"line":42,"column":17}},"70":{"start":{"line":45,"column":2},"end":{"line":45,"column":22}},"71":{"start":{"line":48,"column":15},"end":{"line":48,"column":27}},"72":{"start":{"line":49,"column":0},"end":{"line":49,"column":30}}},"fnMap":{"0":{"name":"_typeof","decl":{"start":{"line":8,"column":9},"end":{"line":8,"column":16}},"loc":{"start":{"line":8,"column":22},"end":{"line":8,"column":351}},"line":8},"1":{"name":"_typeof","decl":{"start":{"line":8,"column":118},"end":{"line":8,"column":125}},"loc":{"start":{"line":8,"column":131},"end":{"line":8,"column":153}},"line":8},"2":{"name":"_typeof","decl":{"start":{"line":8,"column":183},"end":{"line":8,"column":190}},"loc":{"start":{"line":8,"column":196},"end":{"line":8,"column":325}},"line":8},"3":{"name":"_classCallCheck","decl":{"start":{"line":10,"column":9},"end":{"line":10,"column":24}},"loc":{"start":{"line":10,"column":48},"end":{"line":10,"column":153}},"line":10},"4":{"name":"_possibleConstructorReturn","decl":{"start":{"line":12,"column":9},"end":{"line":12,"column":35}},"loc":{"start":{"line":12,"column":48},"end":{"line":12,"column":177}},"line":12},"5":{"name":"_assertThisInitialized","decl":{"start":{"line":14,"column":9},"end":{"line":14,"column":31}},"loc":{"start":{"line":14,"column":38},"end":{"line":14,"column":166}},"line":14},"6":{"name":"_inherits","decl":{"start":{"line":16,"column":9},"end":{"line":16,"column":18}},"loc":{"start":{"line":16,"column":41},"end":{"line":16,"column":385}},"line":16},"7":{"name":"_wrapNativeSuper","decl":{"start":{"line":18,"column":9},"end":{"line":18,"column":25}},"loc":{"start":{"line":18,"column":33},"end":{"line":18,"column":759}},"line":18},"8":{"name":"_wrapNativeSuper","decl":{"start":{"line":18,"column":127},"end":{"line":18,"column":143}},"loc":{"start":{"line":18,"column":151},"end":{"line":18,"column":724}},"line":18},"9":{"name":"Wrapper","decl":{"start":{"line":18,"column":453},"end":{"line":18,"column":460}},"loc":{"start":{"line":18,"column":463},"end":{"line":18,"column":538}},"line":18},"10":{"name":"isNativeReflectConstruct","decl":{"start":{"line":20,"column":9},"end":{"line":20,"column":33}},"loc":{"start":{"line":20,"column":36},"end":{"line":20,"column":323}},"line":20},"11":{"name":"(anonymous_11)","decl":{"start":{"line":20,"column":261},"end":{"line":20,"column":262}},"loc":{"start":{"line":20,"column":273},"end":{"line":20,"column":275}},"line":20},"12":{"name":"_construct","decl":{"start":{"line":22,"column":9},"end":{"line":22,"column":19}},"loc":{"start":{"line":22,"column":41},"end":{"line":22,"column":417}},"line":22},"13":{"name":"_construct","decl":{"start":{"line":22,"column":140},"end":{"line":22,"column":150}},"loc":{"start":{"line":22,"column":172},"end":{"line":22,"column":370}},"line":22},"14":{"name":"_isNativeFunction","decl":{"start":{"line":24,"column":9},"end":{"line":24,"column":26}},"loc":{"start":{"line":24,"column":31},"end":{"line":24,"column":101}},"line":24},"15":{"name":"_setPrototypeOf","decl":{"start":{"line":26,"column":9},"end":{"line":26,"column":24}},"loc":{"start":{"line":26,"column":31},"end":{"line":26,"column":170}},"line":26},"16":{"name":"_setPrototypeOf","decl":{"start":{"line":26,"column":85},"end":{"line":26,"column":100}},"loc":{"start":{"line":26,"column":107},"end":{"line":26,"column":137}},"line":26},"17":{"name":"_getPrototypeOf","decl":{"start":{"line":28,"column":9},"end":{"line":28,"column":24}},"loc":{"start":{"line":28,"column":28},"end":{"line":28,"column":205}},"line":28},"18":{"name":"_getPrototypeOf","decl":{"start":{"line":28,"column":105},"end":{"line":28,"column":120}},"loc":{"start":{"line":28,"column":124},"end":{"line":28,"column":175}},"line":28},"19":{"name":"(anonymous_19)","decl":{"start":{"line":32,"column":0},"end":{"line":32,"column":1}},"loc":{"start":{"line":32,"column":18},"end":{"line":46,"column":1}},"line":32},"20":{"name":"ErrorHandler","decl":{"start":{"line":35,"column":11},"end":{"line":35,"column":23}},"loc":{"start":{"line":35,"column":41},"end":{"line":43,"column":3}},"line":35}},"branchMap":{"0":{"loc":{"start":{"line":8,"column":24},"end":{"line":8,"column":328}},"type":"if","locations":[{"start":{"line":8,"column":24},"end":{"line":8,"column":328}},{"start":{"line":8,"column":24},"end":{"line":8,"column":328}}],"line":8},"1":{"loc":{"start":{"line":8,"column":28},"end":{"line":8,"column":95}},"type":"binary-expr","locations":[{"start":{"line":8,"column":28},"end":{"line":8,"column":56}},{"start":{"line":8,"column":60},"end":{"line":8,"column":95}}],"line":8},"2":{"loc":{"start":{"line":8,"column":205},"end":{"line":8,"column":322}},"type":"cond-expr","locations":[{"start":{"line":8,"column":301},"end":{"line":8,"column":309}},{"start":{"line":8,"column":312},"end":{"line":8,"column":322}}],"line":8},"3":{"loc":{"start":{"line":8,"column":205},"end":{"line":8,"column":298}},"type":"binary-expr","locations":[{"start":{"line":8,"column":205},"end":{"line":8,"column":208}},{"start":{"line":8,"column":212},"end":{"line":8,"column":240}},{"start":{"line":8,"column":244},"end":{"line":8,"column":270}},{"start":{"line":8,"column":274},"end":{"line":8,"column":298}}],"line":8},"4":{"loc":{"start":{"line":10,"column":50},"end":{"line":10,"column":151}},"type":"if","locations":[{"start":{"line":10,"column":50},"end":{"line":10,"column":151}},{"start":{"line":10,"column":50},"end":{"line":10,"column":151}}],"line":10},"5":{"loc":{"start":{"line":12,"column":50},"end":{"line":12,"column":138}},"type":"if","locations":[{"start":{"line":12,"column":50},"end":{"line":12,"column":138}},{"start":{"line":12,"column":50},"end":{"line":12,"column":138}}],"line":12},"6":{"loc":{"start":{"line":12,"column":54},"end":{"line":12,"column":120}},"type":"binary-expr","locations":[{"start":{"line":12,"column":54},"end":{"line":12,"column":58}},{"start":{"line":12,"column":63},"end":{"line":12,"column":89}},{"start":{"line":12,"column":93},"end":{"line":12,"column":119}}],"line":12},"7":{"loc":{"start":{"line":14,"column":40},"end":{"line":14,"column":151}},"type":"if","locations":[{"start":{"line":14,"column":40},"end":{"line":14,"column":151}},{"start":{"line":14,"column":40},"end":{"line":14,"column":151}}],"line":14},"8":{"loc":{"start":{"line":16,"column":43},"end":{"line":16,"column":182}},"type":"if","locations":[{"start":{"line":16,"column":43},"end":{"line":16,"column":182}},{"start":{"line":16,"column":43},"end":{"line":16,"column":182}}],"line":16},"9":{"loc":{"start":{"line":16,"column":47},"end":{"line":16,"column":102}},"type":"binary-expr","locations":[{"start":{"line":16,"column":47},"end":{"line":16,"column":79}},{"start":{"line":16,"column":83},"end":{"line":16,"column":102}}],"line":16},"10":{"loc":{"start":{"line":16,"column":218},"end":{"line":16,"column":252}},"type":"binary-expr","locations":[{"start":{"line":16,"column":218},"end":{"line":16,"column":228}},{"start":{"line":16,"column":232},"end":{"line":16,"column":252}}],"line":16},"11":{"loc":{"start":{"line":16,"column":329},"end":{"line":16,"column":383}},"type":"if","locations":[{"start":{"line":16,"column":329},"end":{"line":16,"column":383}},{"start":{"line":16,"column":329},"end":{"line":16,"column":383}}],"line":16},"12":{"loc":{"start":{"line":18,"column":48},"end":{"line":18,"column":97}},"type":"cond-expr","locations":[{"start":{"line":18,"column":76},"end":{"line":18,"column":85}},{"start":{"line":18,"column":88},"end":{"line":18,"column":97}}],"line":18},"13":{"loc":{"start":{"line":18,"column":153},"end":{"line":18,"column":215}},"type":"if","locations":[{"start":{"line":18,"column":153},"end":{"line":18,"column":215}},{"start":{"line":18,"column":153},"end":{"line":18,"column":215}}],"line":18},"14":{"loc":{"start":{"line":18,"column":157},"end":{"line":18,"column":200}},"type":"binary-expr","locations":[{"start":{"line":18,"column":157},"end":{"line":18,"column":171}},{"start":{"line":18,"column":175},"end":{"line":18,"column":200}}],"line":18},"15":{"loc":{"start":{"line":18,"column":216},"end":{"line":18,"column":327}},"type":"if","locations":[{"start":{"line":18,"column":216},"end":{"line":18,"column":327}},{"start":{"line":18,"column":216},"end":{"line":18,"column":327}}],"line":18},"16":{"loc":{"start":{"line":18,"column":328},"end":{"line":18,"column":443}},"type":"if","locations":[{"start":{"line":18,"column":328},"end":{"line":18,"column":443}},{"start":{"line":18,"column":328},"end":{"line":18,"column":443}}],"line":18},"17":{"loc":{"start":{"line":18,"column":365},"end":{"line":18,"column":413}},"type":"if","locations":[{"start":{"line":18,"column":365},"end":{"line":18,"column":413}},{"start":{"line":18,"column":365},"end":{"line":18,"column":413}}],"line":18},"18":{"loc":{"start":{"line":20,"column":38},"end":{"line":20,"column":109}},"type":"if","locations":[{"start":{"line":20,"column":38},"end":{"line":20,"column":109}},{"start":{"line":20,"column":38},"end":{"line":20,"column":109}}],"line":20},"19":{"loc":{"start":{"line":20,"column":42},"end":{"line":20,"column":94}},"type":"binary-expr","locations":[{"start":{"line":20,"column":42},"end":{"line":20,"column":72}},{"start":{"line":20,"column":76},"end":{"line":20,"column":94}}],"line":20},"20":{"loc":{"start":{"line":20,"column":110},"end":{"line":20,"column":151}},"type":"if","locations":[{"start":{"line":20,"column":110},"end":{"line":20,"column":151}},{"start":{"line":20,"column":110},"end":{"line":20,"column":151}}],"line":20},"21":{"loc":{"start":{"line":20,"column":152},"end":{"line":20,"column":197}},"type":"if","locations":[{"start":{"line":20,"column":152},"end":{"line":20,"column":197}},{"start":{"line":20,"column":152},"end":{"line":20,"column":197}}],"line":20},"22":{"loc":{"start":{"line":22,"column":43},"end":{"line":22,"column":373}},"type":"if","locations":[{"start":{"line":22,"column":43},"end":{"line":22,"column":373}},{"start":{"line":22,"column":43},"end":{"line":22,"column":373}}],"line":22},"23":{"loc":{"start":{"line":22,"column":297},"end":{"line":22,"column":351}},"type":"if","locations":[{"start":{"line":22,"column":297},"end":{"line":22,"column":351}},{"start":{"line":22,"column":297},"end":{"line":22,"column":351}}],"line":22},"24":{"loc":{"start":{"line":26,"column":51},"end":{"line":26,"column":137}},"type":"binary-expr","locations":[{"start":{"line":26,"column":51},"end":{"line":26,"column":72}},{"start":{"line":26,"column":76},"end":{"line":26,"column":137}}],"line":26},"25":{"loc":{"start":{"line":28,"column":48},"end":{"line":28,"column":175}},"type":"cond-expr","locations":[{"start":{"line":28,"column":72},"end":{"line":28,"column":93}},{"start":{"line":28,"column":96},"end":{"line":28,"column":175}}],"line":28},"26":{"loc":{"start":{"line":28,"column":133},"end":{"line":28,"column":172}},"type":"binary-expr","locations":[{"start":{"line":28,"column":133},"end":{"line":28,"column":144}},{"start":{"line":28,"column":148},"end":{"line":28,"column":172}}],"line":28}},"s":{"0":1,"1":1,"2":1,"3":1,"4":1,"5":0,"6":0,"7":1,"8":1,"9":0,"10":1,"11":1,"12":0,"13":0,"14":0,"15":0,"16":1,"17":0,"18":1,"19":1,"20":1,"21":1,"22":1,"23":1,"24":0,"25":1,"26":0,"27":1,"28":1,"29":0,"30":1,"31":1,"32":1,"33":1,"34":1,"35":1,"36":0,"37":1,"38":0,"39":1,"40":1,"41":0,"42":0,"43":0,"44":0,"45":1,"46":1,"47":0,"48":0,"49":0,"50":0,"51":0,"52":0,"53":0,"54":0,"55":1,"56":1,"57":1,"58":0,"59":0,"60":1,"61":1,"62":0,"63":1,"64":1,"65":1,"66":1,"67":1,"68":1,"69":1,"70":1,"71":1,"72":1},"f":{"0":1,"1":1,"2":0,"3":1,"4":1,"5":0,"6":1,"7":1,"8":1,"9":1,"10":1,"11":0,"12":1,"13":0,"14":1,"15":1,"16":0,"17":1,"18":0,"19":1,"20":1},"b":{"0":[1,0],"1":[1,1],"2":[0,0],"3":[0,0,0,0],"4":[0,1],"5":[1,0],"6":[1,1,0],"7":[0,0],"8":[0,1],"9":[1,0],"10":[1,1],"11":[1,0],"12":[1,0],"13":[0,1],"14":[1,1],"15":[0,1],"16":[1,0],"17":[0,1],"18":[0,1],"19":[1,1],"20":[0,1],"21":[1,0],"22":[1,0],"23":[0,0],"24":[1,0],"25":[1,0],"26":[0,0]},"_coverageSchema":"43e27e138ebf9cfc5966b082cf9a028302ed4184","hash":"084670e560b4cf859badac6c96c2c706892c71ad","contentHash":"2f842dc39a71f435113a4b93dc3f4ccd43859ef896ac240550d118ebf9cac2e2"},"C:\\Users\\eizodann\\Desktop\\teamwork-project\\src\\middlewares\\jsonWebToken.js":{"path":"C:\\Users\\eizodann\\Desktop\\teamwork-project\\src\\middlewares\\jsonWebToken.js","statementMap":{"0":{"start":{"line":3,"column":0},"end":{"line":5,"column":3}},"1":{"start":{"line":6,"column":0},"end":{"line":6,"column":28}},"2":{"start":{"line":8,"column":20},"end":{"line":8,"column":67}},"3":{"start":{"line":10,"column":0},"end":{"line":10,"column":25}},"4":{"start":{"line":12,"column":20},"end":{"line":12,"column":83}},"5":{"start":{"line":14,"column":39},"end":{"line":14,"column":95}},"6":{"start":{"line":16,"column":50},"end":{"line":16,"column":151}},"7":{"start":{"line":16,"column":92},"end":{"line":16,"column":149}},"8":{"start":{"line":18,"column":44},"end":{"line":18,"column":315}},"9":{"start":{"line":18,"column":57},"end":{"line":18,"column":58}},"10":{"start":{"line":18,"column":102},"end":{"line":18,"column":110}},"11":{"start":{"line":18,"column":112},"end":{"line":18,"column":167}},"12":{"start":{"line":18,"column":168},"end":{"line":18,"column":199}},"13":{"start":{"line":18,"column":200},"end":{"line":18,"column":254}},"14":{"start":{"line":18,"column":227},"end":{"line":18,"column":254}},"15":{"start":{"line":18,"column":255},"end":{"line":18,"column":313}},"16":{"start":{"line":20,"column":62},"end":{"line":20,"column":131}},"17":{"start":{"line":20,"column":78},"end":{"line":20,"column":131}},"18":{"start":{"line":20,"column":132},"end":{"line":20,"column":193}},"19":{"start":{"line":20,"column":149},"end":{"line":20,"column":193}},"20":{"start":{"line":20,"column":194},"end":{"line":20,"column":213}},"21":{"start":{"line":24,"column":0},"end":{"line":59,"column":3}},"22":{"start":{"line":26,"column":4},"end":{"line":26,"column":31}},"23":{"start":{"line":29,"column":2},"end":{"line":56,"column":6}},"24":{"start":{"line":32,"column":6},"end":{"line":32,"column":76}},"25":{"start":{"line":37,"column":6},"end":{"line":54,"column":7}},"26":{"start":{"line":38,"column":8},"end":{"line":40,"column":9}},"27":{"start":{"line":39,"column":10},"end":{"line":39,"column":82}},"28":{"start":{"line":42,"column":20},"end":{"line":42,"column":59}},"29":{"start":{"line":44,"column":8},"end":{"line":51,"column":11}},"30":{"start":{"line":45,"column":10},"end":{"line":47,"column":11}},"31":{"start":{"line":46,"column":12},"end":{"line":46,"column":76}},"32":{"start":{"line":49,"column":10},"end":{"line":49,"column":30}},"33":{"start":{"line":50,"column":10},"end":{"line":50,"column":17}},"34":{"start":{"line":53,"column":8},"end":{"line":53,"column":20}},"35":{"start":{"line":58,"column":2},"end":{"line":58,"column":13}},"36":{"start":{"line":61,"column":15},"end":{"line":61,"column":18}},"37":{"start":{"line":62,"column":0},"end":{"line":62,"column":30}}},"fnMap":{"0":{"name":"_interopRequireDefault","decl":{"start":{"line":14,"column":9},"end":{"line":14,"column":31}},"loc":{"start":{"line":14,"column":37},"end":{"line":14,"column":97}},"line":14},"1":{"name":"_classCallCheck","decl":{"start":{"line":16,"column":9},"end":{"line":16,"column":24}},"loc":{"start":{"line":16,"column":48},"end":{"line":16,"column":153}},"line":16},"2":{"name":"_defineProperties","decl":{"start":{"line":18,"column":9},"end":{"line":18,"column":26}},"loc":{"start":{"line":18,"column":42},"end":{"line":18,"column":317}},"line":18},"3":{"name":"_createClass","decl":{"start":{"line":20,"column":9},"end":{"line":20,"column":21}},"loc":{"start":{"line":20,"column":60},"end":{"line":20,"column":215}},"line":20},"4":{"name":"(anonymous_4)","decl":{"start":{"line":24,"column":0},"end":{"line":24,"column":1}},"loc":{"start":{"line":24,"column":12},"end":{"line":59,"column":1}},"line":24},"5":{"name":"JWT","decl":{"start":{"line":25,"column":11},"end":{"line":25,"column":14}},"loc":{"start":{"line":25,"column":17},"end":{"line":27,"column":3}},"line":25},"6":{"name":"generateToken","decl":{"start":{"line":31,"column":20},"end":{"line":31,"column":33}},"loc":{"start":{"line":31,"column":43},"end":{"line":33,"column":5}},"line":31},"7":{"name":"authenticate","decl":{"start":{"line":36,"column":20},"end":{"line":36,"column":32}},"loc":{"start":{"line":36,"column":49},"end":{"line":55,"column":5}},"line":36},"8":{"name":"(anonymous_8)","decl":{"start":{"line":44,"column":71},"end":{"line":44,"column":72}},"loc":{"start":{"line":44,"column":96},"end":{"line":51,"column":9}},"line":44}},"branchMap":{"0":{"loc":{"start":{"line":14,"column":46},"end":{"line":14,"column":94}},"type":"cond-expr","locations":[{"start":{"line":14,"column":70},"end":{"line":14,"column":73}},{"start":{"line":14,"column":76},"end":{"line":14,"column":94}}],"line":14},"1":{"loc":{"start":{"line":14,"column":46},"end":{"line":14,"column":67}},"type":"binary-expr","locations":[{"start":{"line":14,"column":46},"end":{"line":14,"column":49}},{"start":{"line":14,"column":53},"end":{"line":14,"column":67}}],"line":14},"2":{"loc":{"start":{"line":16,"column":50},"end":{"line":16,"column":151}},"type":"if","locations":[{"start":{"line":16,"column":50},"end":{"line":16,"column":151}},{"start":{"line":16,"column":50},"end":{"line":16,"column":151}}],"line":16},"3":{"loc":{"start":{"line":18,"column":136},"end":{"line":18,"column":166}},"type":"binary-expr","locations":[{"start":{"line":18,"column":136},"end":{"line":18,"column":157}},{"start":{"line":18,"column":161},"end":{"line":18,"column":166}}],"line":18},"4":{"loc":{"start":{"line":18,"column":200},"end":{"line":18,"column":254}},"type":"if","locations":[{"start":{"line":18,"column":200},"end":{"line":18,"column":254}},{"start":{"line":18,"column":200},"end":{"line":18,"column":254}}],"line":18},"5":{"loc":{"start":{"line":20,"column":62},"end":{"line":20,"column":131}},"type":"if","locations":[{"start":{"line":20,"column":62},"end":{"line":20,"column":131}},{"start":{"line":20,"column":62},"end":{"line":20,"column":131}}],"line":20},"6":{"loc":{"start":{"line":20,"column":132},"end":{"line":20,"column":193}},"type":"if","locations":[{"start":{"line":20,"column":132},"end":{"line":20,"column":193}},{"start":{"line":20,"column":132},"end":{"line":20,"column":193}}],"line":20},"7":{"loc":{"start":{"line":38,"column":8},"end":{"line":40,"column":9}},"type":"if","locations":[{"start":{"line":38,"column":8},"end":{"line":40,"column":9}},{"start":{"line":38,"column":8},"end":{"line":40,"column":9}}],"line":38},"8":{"loc":{"start":{"line":45,"column":10},"end":{"line":47,"column":11}},"type":"if","locations":[{"start":{"line":45,"column":10},"end":{"line":47,"column":11}},{"start":{"line":45,"column":10},"end":{"line":47,"column":11}}],"line":45}},"s":{"0":1,"1":1,"2":1,"3":1,"4":1,"5":2,"6":0,"7":0,"8":1,"9":1,"10":2,"11":2,"12":2,"13":2,"14":2,"15":2,"16":1,"17":0,"18":1,"19":1,"20":1,"21":1,"22":0,"23":1,"24":5,"25":12,"26":12,"27":0,"28":12,"29":12,"30":12,"31":0,"32":12,"33":12,"34":0,"35":1,"36":1,"37":1},"f":{"0":2,"1":0,"2":1,"3":1,"4":1,"5":0,"6":5,"7":12,"8":12},"b":{"0":[1,1],"1":[2,2],"2":[0,0],"3":[2,2],"4":[2,0],"5":[0,1],"6":[1,0],"7":[0,12],"8":[0,12]},"_coverageSchema":"43e27e138ebf9cfc5966b082cf9a028302ed4184","hash":"dedd07e152b8010b6ad9b63f4669affaf273d199","contentHash":"c6f354bae79f3b97e04a5f829cedbb3d39028726a55408a01ef9f9c841fb6115"},"C:\\Users\\eizodann\\Desktop\\teamwork-project\\src\\routes\\gifRoute.js":{"path":"C:\\Users\\eizodann\\Desktop\\teamwork-project\\src\\routes\\gifRoute.js","statementMap":{"0":{"start":{"line":3,"column":0},"end":{"line":5,"column":3}},"1":{"start":{"line":6,"column":0},"end":{"line":6,"column":28}},"2":{"start":{"line":8,"column":15},"end":{"line":8,"column":33}},"3":{"start":{"line":10,"column":14},"end":{"line":10,"column":55}},"4":{"start":{"line":12,"column":21},"end":{"line":12,"column":84}},"5":{"start":{"line":14,"column":25},"end":{"line":14,"column":92}},"6":{"start":{"line":16,"column":20},"end":{"line":16,"column":82}},"7":{"start":{"line":18,"column":39},"end":{"line":18,"column":95}},"8":{"start":{"line":20,"column":14},"end":{"line":20,"column":48}},"9":{"start":{"line":22,"column":13},"end":{"line":24,"column":18}},"10":{"start":{"line":25,"column":12},"end":{"line":25,"column":34}},"11":{"start":{"line":26,"column":0},"end":{"line":26,"column":142}},"12":{"start":{"line":27,"column":0},"end":{"line":27,"column":105}},"13":{"start":{"line":28,"column":0},"end":{"line":28,"column":104}},"14":{"start":{"line":29,"column":15},"end":{"line":29,"column":20}},"15":{"start":{"line":30,"column":0},"end":{"line":30,"column":30}}},"fnMap":{"0":{"name":"_interopRequireDefault","decl":{"start":{"line":18,"column":9},"end":{"line":18,"column":31}},"loc":{"start":{"line":18,"column":37},"end":{"line":18,"column":97}},"line":18}},"branchMap":{"0":{"loc":{"start":{"line":18,"column":46},"end":{"line":18,"column":94}},"type":"cond-expr","locations":[{"start":{"line":18,"column":70},"end":{"line":18,"column":73}},{"start":{"line":18,"column":76},"end":{"line":18,"column":94}}],"line":18},"1":{"loc":{"start":{"line":18,"column":46},"end":{"line":18,"column":67}},"type":"binary-expr","locations":[{"start":{"line":18,"column":46},"end":{"line":18,"column":49}},{"start":{"line":18,"column":53},"end":{"line":18,"column":67}}],"line":18}},"s":{"0":1,"1":1,"2":1,"3":1,"4":1,"5":1,"6":1,"7":4,"8":1,"9":1,"10":1,"11":1,"12":1,"13":1,"14":1,"15":1},"f":{"0":4},"b":{"0":[3,1],"1":[4,4]},"_coverageSchema":"43e27e138ebf9cfc5966b082cf9a028302ed4184","hash":"4e4f4b119c1037c41ce31ebf268dabc77ee01f3a","contentHash":"bba46ca36d65edbf288adb55500178c94e1efb2ea9202ec7b3046491786d5152"},"C:\\Users\\eizodann\\Desktop\\teamwork-project\\src\\controllers\\gifController.js":{"path":"C:\\Users\\eizodann\\Desktop\\teamwork-project\\src\\controllers\\gifController.js","statementMap":{"0":{"start":{"line":3,"column":0},"end":{"line":5,"column":3}},"1":{"start":{"line":6,"column":0},"end":{"line":6,"column":28}},"2":{"start":{"line":8,"column":11},"end":{"line":8,"column":59}},"3":{"start":{"line":10,"column":20},"end":{"line":10,"column":83}},"4":{"start":{"line":12,"column":15},"end":{"line":12,"column":67}},"5":{"start":{"line":14,"column":39},"end":{"line":14,"column":95}},"6":{"start":{"line":16,"column":35},"end":{"line":16,"column":115}},"7":{"start":{"line":18,"column":32},"end":{"line":18,"column":103}},"8":{"start":{"line":20,"column":34},"end":{"line":20,"column":160}},"9":{"start":{"line":20,"column":136},"end":{"line":20,"column":160}},"10":{"start":{"line":22,"column":35},"end":{"line":22,"column":164}},"11":{"start":{"line":22,"column":61},"end":{"line":22,"column":149}},"12":{"start":{"line":22,"column":74},"end":{"line":22,"column":75}},"13":{"start":{"line":22,"column":84},"end":{"line":22,"column":105}},"14":{"start":{"line":22,"column":130},"end":{"line":22,"column":147}},"15":{"start":{"line":22,"column":150},"end":{"line":22,"column":162}},"16":{"start":{"line":24,"column":54},"end":{"line":24,"column":73}},"17":{"start":{"line":24,"column":75},"end":{"line":24,"column":326}},"18":{"start":{"line":24,"column":125},"end":{"line":24,"column":161}},"19":{"start":{"line":24,"column":163},"end":{"line":24,"column":292}},"20":{"start":{"line":24,"column":183},"end":{"line":24,"column":292}},"21":{"start":{"line":24,"column":225},"end":{"line":24,"column":288}},"22":{"start":{"line":24,"column":293},"end":{"line":24,"column":324}},"23":{"start":{"line":24,"column":327},"end":{"line":24,"column":339}},"24":{"start":{"line":26,"column":33},"end":{"line":26,"column":501}},"25":{"start":{"line":26,"column":46},"end":{"line":26,"column":47}},"26":{"start":{"line":26,"column":91},"end":{"line":26,"column":131}},"27":{"start":{"line":26,"column":133},"end":{"line":26,"column":499}},"28":{"start":{"line":26,"column":146},"end":{"line":26,"column":239}},"29":{"start":{"line":26,"column":193},"end":{"line":26,"column":235}},"30":{"start":{"line":26,"column":247},"end":{"line":26,"column":499}},"31":{"start":{"line":26,"column":287},"end":{"line":26,"column":361}},"32":{"start":{"line":26,"column":371},"end":{"line":26,"column":497}},"33":{"start":{"line":26,"column":412},"end":{"line":26,"column":493}},"34":{"start":{"line":26,"column":502},"end":{"line":26,"column":516}},"35":{"start":{"line":28,"column":44},"end":{"line":28,"column":195}},"36":{"start":{"line":28,"column":62},"end":{"line":28,"column":166}},"37":{"start":{"line":28,"column":176},"end":{"line":28,"column":193}},"38":{"start":{"line":28,"column":196},"end":{"line":28,"column":207}},"39":{"start":{"line":30,"column":50},"end":{"line":30,"column":151}},"40":{"start":{"line":30,"column":92},"end":{"line":30,"column":149}},"41":{"start":{"line":32,"column":44},"end":{"line":32,"column":315}},"42":{"start":{"line":32,"column":57},"end":{"line":32,"column":58}},"43":{"start":{"line":32,"column":102},"end":{"line":32,"column":110}},"44":{"start":{"line":32,"column":112},"end":{"line":32,"column":167}},"45":{"start":{"line":32,"column":168},"end":{"line":32,"column":199}},"46":{"start":{"line":32,"column":200},"end":{"line":32,"column":254}},"47":{"start":{"line":32,"column":227},"end":{"line":32,"column":254}},"48":{"start":{"line":32,"column":255},"end":{"line":32,"column":313}},"49":{"start":{"line":34,"column":62},"end":{"line":34,"column":131}},"50":{"start":{"line":34,"column":78},"end":{"line":34,"column":131}},"51":{"start":{"line":34,"column":132},"end":{"line":34,"column":193}},"52":{"start":{"line":34,"column":149},"end":{"line":34,"column":193}},"53":{"start":{"line":34,"column":194},"end":{"line":34,"column":213}},"54":{"start":{"line":38,"column":0},"end":{"line":169,"column":3}},"55":{"start":{"line":40,"column":4},"end":{"line":40,"column":41}},"56":{"start":{"line":43,"column":2},"end":{"line":166,"column":6}},"57":{"start":{"line":47,"column":6},"end":{"line":87,"column":32}},"58":{"start":{"line":48,"column":8},"end":{"line":86,"column":9}},"59":{"start":{"line":49,"column":10},"end":{"line":85,"column":11}},"60":{"start":{"line":51,"column":14},"end":{"line":51,"column":32}},"61":{"start":{"line":52,"column":14},"end":{"line":52,"column":32}},"62":{"start":{"line":53,"column":14},"end":{"line":53,"column":115}},"63":{"start":{"line":56,"column":14},"end":{"line":56,"column":34}},"64":{"start":{"line":58,"column":14},"end":{"line":61,"column":15}},"65":{"start":{"line":59,"column":16},"end":{"line":59,"column":34}},"66":{"start":{"line":60,"column":16},"end":{"line":60,"column":22}},"67":{"start":{"line":63,"column":14},"end":{"line":63,"column":80}},"68":{"start":{"line":66,"column":14},"end":{"line":66,"column":56}},"69":{"start":{"line":67,"column":14},"end":{"line":69,"column":17}},"70":{"start":{"line":70,"column":14},"end":{"line":73,"column":17}},"71":{"start":{"line":74,"column":14},"end":{"line":74,"column":33}},"72":{"start":{"line":75,"column":14},"end":{"line":75,"column":20}},"73":{"start":{"line":78,"column":14},"end":{"line":78,"column":33}},"74":{"start":{"line":79,"column":14},"end":{"line":79,"column":49}},"75":{"start":{"line":80,"column":14},"end":{"line":80,"column":32}},"76":{"start":{"line":84,"column":14},"end":{"line":84,"column":37}},"77":{"start":{"line":93,"column":6},"end":{"line":129,"column":32}},"78":{"start":{"line":94,"column":8},"end":{"line":128,"column":9}},"79":{"start":{"line":95,"column":10},"end":{"line":127,"column":11}},"80":{"start":{"line":97,"column":14},"end":{"line":97,"column":33}},"81":{"start":{"line":98,"column":14},"end":{"line":98,"column":33}},"82":{"start":{"line":99,"column":14},"end":{"line":99,"column":85}},"83":{"start":{"line":102,"column":14},"end":{"line":102,"column":35}},"84":{"start":{"line":103,"column":14},"end":{"line":103,"column":33}},"85":{"start":{"line":104,"column":14},"end":{"line":104,"column":93}},"86":{"start":{"line":107,"column":14},"end":{"line":107,"column":39}},"87":{"start":{"line":108,"column":14},"end":{"line":108,"column":53}},"88":{"start":{"line":109,"column":14},"end":{"line":111,"column":17}},"89":{"start":{"line":112,"column":14},"end":{"line":115,"column":17}},"90":{"start":{"line":116,"column":14},"end":{"line":116,"column":34}},"91":{"start":{"line":117,"column":14},"end":{"line":117,"column":20}},"92":{"start":{"line":120,"column":14},"end":{"line":120,"column":34}},"93":{"start":{"line":121,"column":14},"end":{"line":121,"column":51}},"94":{"start":{"line":122,"column":14},"end":{"line":122,"column":33}},"95":{"start":{"line":126,"column":14},"end":{"line":126,"column":38}},"96":{"start":{"line":135,"column":6},"end":{"line":164,"column":31}},"97":{"start":{"line":136,"column":8},"end":{"line":163,"column":9}},"98":{"start":{"line":137,"column":10},"end":{"line":162,"column":11}},"99":{"start":{"line":139,"column":14},"end":{"line":139,"column":33}},"100":{"start":{"line":140,"column":14},"end":{"line":140,"column":33}},"101":{"start":{"line":141,"column":14},"end":{"line":141,"column":105}},"102":{"start":{"line":144,"column":14},"end":{"line":146,"column":16}},"103":{"start":{"line":147,"column":14},"end":{"line":150,"column":17}},"104":{"start":{"line":151,"column":14},"end":{"line":151,"column":34}},"105":{"start":{"line":152,"column":14},"end":{"line":152,"column":20}},"106":{"start":{"line":155,"column":14},"end":{"line":155,"column":33}},"107":{"start":{"line":156,"column":14},"end":{"line":156,"column":51}},"108":{"start":{"line":157,"column":14},"end":{"line":157,"column":33}},"109":{"start":{"line":161,"column":14},"end":{"line":161,"column":38}},"110":{"start":{"line":168,"column":2},"end":{"line":168,"column":23}},"111":{"start":{"line":171,"column":15},"end":{"line":171,"column":28}},"112":{"start":{"line":172,"column":0},"end":{"line":172,"column":30}}},"fnMap":{"0":{"name":"_interopRequireDefault","decl":{"start":{"line":14,"column":9},"end":{"line":14,"column":31}},"loc":{"start":{"line":14,"column":37},"end":{"line":14,"column":97}},"line":14},"1":{"name":"_toConsumableArray","decl":{"start":{"line":16,"column":9},"end":{"line":16,"column":27}},"loc":{"start":{"line":16,"column":33},"end":{"line":16,"column":117}},"line":16},"2":{"name":"_nonIterableSpread","decl":{"start":{"line":18,"column":9},"end":{"line":18,"column":27}},"loc":{"start":{"line":18,"column":30},"end":{"line":18,"column":105}},"line":18},"3":{"name":"_iterableToArray","decl":{"start":{"line":20,"column":9},"end":{"line":20,"column":25}},"loc":{"start":{"line":20,"column":32},"end":{"line":20,"column":162}},"line":20},"4":{"name":"_arrayWithoutHoles","decl":{"start":{"line":22,"column":9},"end":{"line":22,"column":27}},"loc":{"start":{"line":22,"column":33},"end":{"line":22,"column":166}},"line":22},"5":{"name":"ownKeys","decl":{"start":{"line":24,"column":9},"end":{"line":24,"column":16}},"loc":{"start":{"line":24,"column":41},"end":{"line":24,"column":341}},"line":24},"6":{"name":"(anonymous_6)","decl":{"start":{"line":24,"column":208},"end":{"line":24,"column":209}},"loc":{"start":{"line":24,"column":223},"end":{"line":24,"column":290}},"line":24},"7":{"name":"_objectSpread","decl":{"start":{"line":26,"column":9},"end":{"line":26,"column":22}},"loc":{"start":{"line":26,"column":31},"end":{"line":26,"column":518}},"line":26},"8":{"name":"(anonymous_8)","decl":{"start":{"line":26,"column":176},"end":{"line":26,"column":177}},"loc":{"start":{"line":26,"column":191},"end":{"line":26,"column":237}},"line":26},"9":{"name":"(anonymous_9)","decl":{"start":{"line":26,"column":395},"end":{"line":26,"column":396}},"loc":{"start":{"line":26,"column":410},"end":{"line":26,"column":495}},"line":26},"10":{"name":"_defineProperty","decl":{"start":{"line":28,"column":9},"end":{"line":28,"column":24}},"loc":{"start":{"line":28,"column":42},"end":{"line":28,"column":209}},"line":28},"11":{"name":"_classCallCheck","decl":{"start":{"line":30,"column":9},"end":{"line":30,"column":24}},"loc":{"start":{"line":30,"column":48},"end":{"line":30,"column":153}},"line":30},"12":{"name":"_defineProperties","decl":{"start":{"line":32,"column":9},"end":{"line":32,"column":26}},"loc":{"start":{"line":32,"column":42},"end":{"line":32,"column":317}},"line":32},"13":{"name":"_createClass","decl":{"start":{"line":34,"column":9},"end":{"line":34,"column":21}},"loc":{"start":{"line":34,"column":60},"end":{"line":34,"column":215}},"line":34},"14":{"name":"(anonymous_14)","decl":{"start":{"line":38,"column":0},"end":{"line":38,"column":1}},"loc":{"start":{"line":38,"column":12},"end":{"line":169,"column":1}},"line":38},"15":{"name":"GifController","decl":{"start":{"line":39,"column":11},"end":{"line":39,"column":24}},"loc":{"start":{"line":39,"column":27},"end":{"line":41,"column":3}},"line":39},"16":{"name":"createGif","decl":{"start":{"line":45,"column":20},"end":{"line":45,"column":29}},"loc":{"start":{"line":45,"column":46},"end":{"line":88,"column":5}},"line":45},"17":{"name":"createGif$","decl":{"start":{"line":47,"column":47},"end":{"line":47,"column":57}},"loc":{"start":{"line":47,"column":68},"end":{"line":87,"column":7}},"line":47},"18":{"name":"getSpecificGif","decl":{"start":{"line":91,"column":20},"end":{"line":91,"column":34}},"loc":{"start":{"line":91,"column":51},"end":{"line":130,"column":5
[...]
,"line":63},"12":{"name":"EditArticle","decl":{"start":{"line":89,"column":20},"end":{"line":89,"column":31}},"loc":{"start":{"line":89,"column":53},"end":{"line":112,"column":5}},"line":89},"13":{"name":"EditArticle$","decl":{"start":{"line":91,"column":47},"end":{"line":91,"column":59}},"loc":{"start":{"line":91,"column":71},"end":{"line":111,"column":7}},"line":91},"14":{"name":"(anonymous_14)","decl":{"start":{"line":98,"column":183},"end":{"line":98,"column":184}},"loc":{"start":{"line":98,"column":200},"end":{"line":100,"column":15}},"line":98},"15":{"name":"DeleteArticle","decl":{"start":{"line":115,"column":20},"end":{"line":115,"column":33}},"loc":{"start":{"line":115,"column":48},"end":{"line":133,"column":5}},"line":115},"16":{"name":"DeleteArticle$","decl":{"start":{"line":117,"column":47},"end":{"line":117,"column":61}},"loc":{"start":{"line":117,"column":73},"end":{"line":132,"column":7}},"line":117},"17":{"name":"(anonymous_17)","decl":{"start":{"line":123,"column":147},"end":{"line":123,"column":148}},"loc":{"start":{"line":123,"column":164},"end":{"line":125,"column":15}},"line":123},"18":{"name":"getAllArticles","decl":{"start":{"line":136,"column":20},"end":{"line":136,"column":34}},"loc":{"start":{"line":136,"column":37},"end":{"line":157,"column":5}},"line":136},"19":{"name":"getAllArticles$","decl":{"start":{"line":138,"column":47},"end":{"line":138,"column":62}},"loc":{"start":{"line":138,"column":74},"end":{"line":156,"column":7}},"line":138},"20":{"name":"(anonymous_20)","decl":{"start":{"line":143,"column":136},"end":{"line":143,"column":137}},"loc":{"start":{"line":143,"column":153},"end":{"line":145,"column":15}},"line":143},"21":{"name":"getSpecificArticle","decl":{"start":{"line":160,"column":20},"end":{"line":160,"column":38}},"loc":{"start":{"line":160,"column":43},"end":{"line":191,"column":5}},"line":160},"22":{"name":"getSpecificArticle$","decl":{"start":{"line":162,"column":47},"end":{"line":162,"column":66}},"loc":{"start":{"line":162,"column":78},"end":{"line":190,"column":7}},"line":162},"23":{"name":"(anonymous_23)","decl":{"start":{"line":168,"column":130},"end":{"line":168,"column":131}},"loc":{"start":{"line":168,"column":147},"end":{"line":170,"column":15}},"line":168}},"branchMap":{"0":{"loc":{"start":{"line":12,"column":46},"end":{"line":12,"column":94}},"type":"cond-expr","locations":[{"start":{"line":12,"column":70},"end":{"line":12,"column":73}},{"start":{"line":12,"column":76},"end":{"line":12,"column":94}}],"line":12},"1":{"loc":{"start":{"line":12,"column":46},"end":{"line":12,"column":67}},"type":"binary-expr","locations":[{"start":{"line":12,"column":46},"end":{"line":12,"column":49}},{"start":{"line":12,"column":53},"end":{"line":12,"column":67}}],"line":12},"2":{"loc":{"start":{"line":14,"column":50},"end":{"line":14,"column":151}},"type":"if","locations":[{"start":{"line":14,"column":50},"end":{"line":14,"column":151}},{"start":{"line":14,"column":50},"end":{"line":14,"column":151}}],"line":14},"3":{"loc":{"start":{"line":16,"column":136},"end":{"line":16,"column":166}},"type":"binary-expr","locations":[{"start":{"line":16,"column":136},"end":{"line":16,"column":157}},{"start":{"line":16,"column":161},"end":{"line":16,"column":166}}],"line":16},"4":{"loc":{"start":{"line":16,"column":200},"end":{"line":16,"column":254}},"type":"if","locations":[{"start":{"line":16,"column":200},"end":{"line":16,"column":254}},{"start":{"line":16,"column":200},"end":{"line":16,"column":254}}],"line":16},"5":{"loc":{"start":{"line":18,"column":62},"end":{"line":18,"column":131}},"type":"if","locations":[{"start":{"line":18,"column":62},"end":{"line":18,"column":131}},{"start":{"line":18,"column":62},"end":{"line":18,"column":131}}],"line":18},"6":{"loc":{"start":{"line":18,"column":132},"end":{"line":18,"column":193}},"type":"if","locations":[{"start":{"line":18,"column":132},"end":{"line":18,"column":193}},{"start":{"line":18,"column":132},"end":{"line":18,"column":193}}],"line":18},"7":{"loc":{"start":{"line":33,"column":10},"end":{"line":49,"column":11}},"type":"switch","locations":[{"start":{"line":34,"column":12},"end":{"line":40,"column":18}},{"start":{"line":42,"column":12},"end":{"line":44,"column":57}},{"start":{"line":46,"column":12},"end":{"line":46,"column":19}},{"start":{"line":47,"column":12},"end":{"line":48,"column":37}}],"line":33},"8":{"loc":{"start":{"line":59,"column":10},"end":{"line":83,"column":11}},"type":"switch","locations":[{"start":{"line":60,"column":12},"end":{"line":65,"column":18}},{"start":{"line":67,"column":12},"end":{"line":75,"column":56}},{"start":{"line":77,"column":12},"end":{"line":78,"column":58}},{"start":{"line":80,"column":12},"end":{"line":80,"column":19}},{"start":{"line":81,"column":12},"end":{"line":82,"column":38}}],"line":59},"9":{"loc":{"start":{"line":70,"column":14},"end":{"line":73,"column":15}},"type":"if","locations":[{"start":{"line":70,"column":14},"end":{"line":73,"column":15}},{"start":{"line":70,"column":14},"end":{"line":73,"column":15}}],"line":70},"10":{"loc":{"start":{"line":93,"column":10},"end":{"line":109,"column":11}},"type":"switch","locations":[{"start":{"line":94,"column":12},"end":{"line":100,"column":18}},{"start":{"line":102,"column":12},"end":{"line":104,"column":58}},{"start":{"line":106,"column":12},"end":{"line":106,"column":19}},{"start":{"line":107,"column":12},"end":{"line":108,"column":38}}],"line":93},"11":{"loc":{"start":{"line":119,"column":10},"end":{"line":130,"column":11}},"type":"switch","locations":[{"start":{"line":120,"column":12},"end":{"line":125,"column":18}},{"start":{"line":127,"column":12},"end":{"line":127,"column":19}},{"start":{"line":128,"column":12},"end":{"line":129,"column":38}}],"line":119},"12":{"loc":{"start":{"line":140,"column":10},"end":{"line":154,"column":11}},"type":"switch","locations":[{"start":{"line":141,"column":12},"end":{"line":145,"column":18}},{"start":{"line":147,"column":12},"end":{"line":149,"column":58}},{"start":{"line":151,"column":12},"end":{"line":151,"column":19}},{"start":{"line":152,"column":12},"end":{"line":153,"column":38}}],"line":140},"13":{"loc":{"start":{"line":164,"column":10},"end":{"line":188,"column":11}},"type":"switch","locations":[{"start":{"line":165,"column":12},"end":{"line":170,"column":18}},{"start":{"line":172,"column":12},"end":{"line":180,"column":75}},{"start":{"line":182,"column":12},"end":{"line":183,"column":58}},{"start":{"line":185,"column":12},"end":{"line":185,"column":19}},{"start":{"line":186,"column":12},"end":{"line":187,"column":38}}],"line":164},"14":{"loc":{"start":{"line":175,"column":14},"end":{"line":178,"column":15}},"type":"if","locations":[{"start":{"line":175,"column":14},"end":{"line":178,"column":15}},{"start":{"line":175,"column":14},"end":{"line":178,"column":15}}],"line":175}},"s":{"0":1,"1":1,"2":1,"3":1,"4":2,"5":0,"6":0,"7":1,"8":1,"9":6,"10":6,"11":6,"12":6,"13":6,"14":6,"15":1,"16":0,"17":1,"18":1,"19":1,"20":1,"21":0,"22":1,"23":2,"24":6,"25":6,"26":2,"27":2,"28":2,"29":2,"30":0,"31":2,"32":2,"33":2,"34":3,"35":9,"36":12,"37":3,"38":3,"39":3,"40":0,"41":3,"42":3,"43":3,"44":3,"45":0,"46":3,"47":3,"48":1,"49":3,"50":3,"51":1,"52":1,"53":1,"54":1,"55":0,"56":1,"57":1,"58":1,"59":1,"60":2,"61":2,"62":1,"63":1,"64":1,"65":0,"66":1,"67":1,"68":3,"69":3,"70":1,"71":1,"72":0,"73":1,"74":1,"75":1,"76":1,"77":3,"78":4,"79":1,"80":1,"81":1,"82":0,"83":1,"84":1,"85":1,"86":1,"87":0,"88":1,"89":1,"90":1,"91":1,"92":1},"f":{"0":2,"1":0,"2":1,"3":1,"4":1,"5":0,"6":2,"7":6,"8":0,"9":3,"10":9,"11":0,"12":1,"13":3,"14":0,"15":1,"16":2,"17":0,"18":1,"19":3,"20":0,"21":1,"22":3,"23":0},"b":{"0":[2,0],"1":[2,2],"2":[0,0],"3":[6,6],"4":[6,0],"5":[0,1],"6":[1,0],"7":[2,2,0,2],"8":[3,3,3,0,3],"9":[3,0],"10":[1,1,0,1],"11":[1,1,1],"12":[1,1,0,1],"13":[1,1,1,0,1],"14":[1,0]},"_coverageSchema":"43e27e138ebf9cfc5966b082cf9a028302ed4184","hash":"4a51583fc59da04a7dbeb1baca86062adc972a7c","contentHash":"46580842c9bce66024cbe5d9e4aff2a50b536ca171af110459bc783b90583c2b"},"C:\\Users\\eizodann\\Desktop\\teamwork-project\\src\\routes\\commentRoute.js":{"path":"C:\\Users\\eizodann\\Desktop\\teamwork-project\\src\\routes\\commentRoute.js","statementMap":{"0":{"start":{"line":3,"column":0},"end":{"line":5,"column":3}},"1":{"start":{"line":6,"column":0},"end":{"line":6,"column":28}},"2":{"start":{"line":8,"column":15},"end":{"line":8,"column":33}},"3":{"start":{"line":10,"column":25},"end":{"line":10,"column":92}},"4":{"start":{"line":12,"column":20},"end":{"line":12,"column":82}},"5":{"start":{"line":14,"column":39},"end":{"line":14,"column":95}},"6":{"start":{"line":16,"column":12},"end":{"line":16,"column":34}},"7":{"start":{"line":18,"column":0},"end":{"line":18,"column":127}},"8":{"start":{"line":19,"column":0},"end":{"line":19,"column":119}},"9":{"start":{"line":20,"column":15},"end":{"line":20,"column":20}},"10":{"start":{"line":21,"column":0},"end":{"line":21,"column":30}}},"fnMap":{"0":{"name":"_interopRequireDefault","decl":{"start":{"line":14,"column":9},"end":{"line":14,"column":31}},"loc":{"start":{"line":14,"column":37},"end":{"line":14,"column":97}},"line":14}},"branchMap":{"0":{"loc":{"start":{"line":14,"column":46},"end":{"line":14,"column":94}},"type":"cond-expr","locations":[{"start":{"line":14,"column":70},"end":{"line":14,"column":73}},{"start":{"line":14,"column":76},"end":{"line":14,"column":94}}],"line":14},"1":{"loc":{"start":{"line":14,"column":46},"end":{"line":14,"column":67}},"type":"binary-expr","locations":[{"start":{"line":14,"column":46},"end":{"line":14,"column":49}},{"start":{"line":14,"column":53},"end":{"line":14,"column":67}}],"line":14}},"s":{"0":1,"1":1,"2":1,"3":1,"4":1,"5":2,"6":1,"7":1,"8":1,"9":1,"10":1},"f":{"0":2},"b":{"0":[2,0],"1":[2,2]},"_coverageSchema":"43e27e138ebf9cfc5966b082cf9a028302ed4184","hash":"528c33caf123a1e4156faad3c78b269256265e10","contentHash":"a338d36a9100103ac09994581cd9cef2e4b12e6485f80f8654f8c31412ca6632"},"C:\\Users\\eizodann\\Desktop\\teamwork-project\\src\\controllers\\commentController.js":{"path":"C:\\Users\\eizodann\\Desktop\\teamwork-project\\src\\controllers\\commentController.js","statementMap":{"0":{"start":{"line":3,"column":0},"end":{"line":5,"column":3}},"1":{"start":{"line":6,"column":0},"end":{"line":6,"column":28}},"2":{"start":{"line":8,"column":11},"end":{"line":8,"column":59}},"3":{"start":{"line":10,"column":15},"end":{"line":10,"column":67}},"4":{"start":{"line":12,"column":15},"end":{"line":12,"column":67}},"5":{"start":{"line":14,"column":39},"end":{"line":14,"column":95}},"6":{"start":{"line":16,"column":50},"end":{"line":16,"column":151}},"7":{"start":{"line":16,"column":92},"end":{"line":16,"column":149}},"8":{"start":{"line":18,"column":44},"end":{"line":18,"column":315}},"9":{"start":{"line":18,"column":57},"end":{"line":18,"column":58}},"10":{"start":{"line":18,"column":102},"end":{"line":18,"column":110}},"11":{"start":{"line":18,"column":112},"end":{"line":18,"column":167}},"12":{"start":{"line":18,"column":168},"end":{"line":18,"column":199}},"13":{"start":{"line":18,"column":200},"end":{"line":18,"column":254}},"14":{"start":{"line":18,"column":227},"end":{"line":18,"column":254}},"15":{"start":{"line":18,"column":255},"end":{"line":18,"column":313}},"16":{"start":{"line":20,"column":62},"end":{"line":20,"column":131}},"17":{"start":{"line":20,"column":78},"end":{"line":20,"column":131}},"18":{"start":{"line":20,"column":132},"end":{"line":20,"column":193}},"19":{"start":{"line":20,"column":149},"end":{"line":20,"column":193}},"20":{"start":{"line":20,"column":194},"end":{"line":20,"column":213}},"21":{"start":{"line":24,"column":0},"end":{"line":122,"column":3}},"22":{"start":{"line":26,"column":4},"end":{"line":26,"column":45}},"23":{"start":{"line":29,"column":2},"end":{"line":119,"column":6}},"24":{"start":{"line":33,"column":6},"end":{"line":73,"column":32}},"25":{"start":{"line":34,"column":8},"end":{"line":72,"column":9}},"26":{"start":{"line":35,"column":10},"end":{"line":71,"column":11}},"27":{"start":{"line":37,"column":14},"end":{"line":37,"column":32}},"28":{"start":{"line":38,"column":14},"end":{"line":38,"column":32}},"29":{"start":{"line":39,"column":14},"end":{"line":39,"column":93}},"30":{"start":{"line":42,"column":14},"end":{"line":42,"column":38}},"31":{"start":{"line":43,"column":14},"end":{"line":43,"column":32}},"32":{"start":{"line":44,"column":14},"end":{"line":44,"column":142}},"33":{"start":{"line":47,"column":14},"end":{"line":47,"column":39}},"34":{"start":{"line":48,"column":14},"end":{"line":48,"column":55}},"35":{"start":{"line":49,"column":14},"end":{"line":55,"column":16}},"36":{"start":{"line":56,"column":14},"end":{"line":59,"column":17}},"37":{"start":{"line":60,"column":14},"end":{"line":60,"column":33}},"38":{"start":{"line":61,"column":14},"end":{"line":61,"column":20}},"39":{"start":{"line":64,"column":14},"end":{"line":64,"column":33}},"40":{"start":{"line":65,"column":14},"end":{"line":65,"column":49}},"41":{"start":{"line":66,"column":14},"end":{"line":66,"column":32}},"42":{"start":{"line":70,"column":14},"end":{"line":70,"column":37}},"43":{"start":{"line":79,"column":6},"end":{"line":117,"column":32}},"44":{"start":{"line":80,"column":8},"end":{"line":116,"column":9}},"45":{"start":{"line":81,"column":10},"end":{"line":115,"column":11}},"46":{"start":{"line":83,"column":14},"end":{"line":83,"column":33}},"47":{"start":{"line":84,"column":14},"end":{"line":84,"column":33}},"48":{"start":{"line":85,"column":14},"end":{"line":85,"column":85}},"49":{"start":{"line":88,"column":14},"end":{"line":88,"column":35}},"50":{"start":{"line":89,"column":14},"end":{"line":89,"column":33}},"51":{"start":{"line":90,"column":14},"end":{"line":90,"column":130}},"52":{"start":{"line":93,"column":14},"end":{"line":93,"column":40}},"53":{"start":{"line":94,"column":14},"end":{"line":99,"column":16}},"54":{"start":{"line":100,"column":14},"end":{"line":103,"column":17}},"55":{"start":{"line":104,"column":14},"end":{"line":104,"column":34}},"56":{"start":{"line":105,"column":14},"end":{"line":105,"column":20}},"57":{"start":{"line":108,"column":14},"end":{"line":108,"column":34}},"58":{"start":{"line":109,"column":14},"end":{"line":109,"column":51}},"59":{"start":{"line":110,"column":14},"end":{"line":110,"column":33}},"60":{"start":{"line":114,"column":14},"end":{"line":114,"column":38}},"61":{"start":{"line":121,"column":2},"end":{"line":121,"column":27}},"62":{"start":{"line":124,"column":15},"end":{"line":124,"column":32}},"63":{"start":{"line":125,"column":0},"end":{"line":125,"column":30}}},"fnMap":{"0":{"name":"_interopRequireDefault","decl":{"start":{"line":14,"column":9},"end":{"line":14,"column":31}},"loc":{"start":{"line":14,"column":37},"end":{"line":14,"column":97}},"line":14},"1":{"name":"_classCallCheck","decl":{"start":{"line":16,"column":9},"end":{"line":16,"column":24}},"loc":{"start":{"line":16,"column":48},"end":{"line":16,"column":153}},"line":16},"2":{"name":"_defineProperties","decl":{"start":{"line":18,"column":9},"end":{"line":18,"column":26}},"loc":{"start":{"line":18,"column":42},"end":{"line":18,"column":317}},"line":18},"3":{"name":"_createClass","decl":{"start":{"line":20,"column":9},"end":{"line":20,"column":21}},"loc":{"start":{"line":20,"column":60},"end":{"line":20,"column":215}},"line":20},"4":{"name":"(anonymous_4)","decl":{"start":{"line":24,"column":0},"end":{"line":24,"column":1}},"loc":{"start":{"line":24,"column":12},"end":{"line":122,"column":1}},"line":24},"5":{"name":"CommentController","decl":{"start":{"line":25,"column":11},"end":{"line":25,"column":28}},"loc":{"start":{"line":25,"column":31},"end":{"line":27,"column":3}},"line":25},"6":{"name":"createCommentArticle","decl":{"start":{"line":31,"column":20},"end":{"line":31,"column":40}},"loc":{"start":{"line":31,"column":57},"end":{"line":74,"column":5}},"line":31},"7":{"name":"createCommentArticle$","decl":{"start":{"line":33,"column":47},"end":{"line":33,"column":68}},"loc":{"start":{"line":33,"column":79},"end":{"line":73,"column":7}},"line":33},"8":{"name":"createCommentGif","decl":{"start":{"line":77,"column":20},"end":{"line":77,"column":36}},"loc":{"start":{"line":77,"column":53},"end":{"line":118,"column":5}},"line":77},"9":{"name":"createCommentGif$","decl":{"start":{"line":79,"column":47},"end":{"line":79,"column":64}},"loc":{"start":{"line":79,"column":76},"end":{"line":117,"column":7}},"line":79}},"branchMap":{"0":{"loc":{"start":{"line":14,"column":46},"end":{"line":14,"column":94}},"type":"cond-expr","locations":[{"start":{"line":14,"column":70},"end":{"line":14,"column":73}},{"start":{"line":14,"column":76},"end":{"line":14,"column":94}}],"line":14},"1":{"loc":{"start":{"line":14,"column":46},"end":{"line":14,"column":67}},"type":"binary-expr","locations":[{"start":{"line":14,"column":46},"end":{"line":14,"column":49}},{"start":{"line":14,"column":53},"end":{"line":14,"column":67}}],"line":14},"2":{"loc":{"start":{"line":16,"column":50},"end":{"line":16,"column":151}},"type":"if","locations":[{"start":{"line":16,"column":50},"end":{"line":16,"column":151}},{"start":{"line":16,"column":50},"end":{"line":16,"column":151}}],"line":16},"3":{"loc":{"start":{"line":18,"column":136},"end":{"line":18,"column":166}},"type":"binary-expr","locations":[{"start":{"line":18,"column":136},"end":{"line":18,"column":157}},{"start":{"line":18,"column":161},"end":{"line":18,"column":166}}],"line":18},"4":{"loc":{"start":{"line":18,"column":200},"end":{"line":18,"column":254}},"type":"if","locations":[{"start":{"line":18,"column":200},"end":{"line":18,"column":254}},{"start":{"line":18,"column":200},"end":{"line":18,"column":254}}],"line":18},"5":{"loc":{"start":{"line":20,"column":62},"end":{"line":20,"column":131}},"type":"if","locations":[{"start":{"line":20,"column":62},"end":{"line":20,"column":131}},{"start":{"line":20,"column":62},"end":{"line":20,"column":131}}],"line":20},"6":{"loc":{"start":{"line":20,"column":132},"end":{"line":20,"column":193}},"type":"if","locations":[{"start":{"line":20,"column":132},"end":{"line":20,"column":193}},{"start":{"line":20,"column":132},"end":{"line":20,"column":193}}],"line":20},"7":{"loc":{"start":{"line":35,"column":10},"end":{"line":71,"column":11}},"type":"switch","locations":[{"start":{"line":36,"column":12},"end":{"line":39,"column":93}},{"start":{"line":41,"column":12},"end":{"line":44,"column":142}},{"start":{"line":46,"column":12},"end":{"line":61,"column":20}},{"start":{"line":63,"column":12},"end":{"line":66,"column":32}},{"start":{"line":68,"column":12},"end":{"line":68,"column":20}},{"start":{"line":69,"column":12},"end":{"line":70,"column":37}}],"line":35},"8":{"loc":{"start":{"line":81,"column":10},"end":{"line":115,"column":11}},"type":"switch","locations":[{"start":{"line":82,"column":12},"end":{"line":85,"column":85}},{"start":{"line":87,"column":12},"end":{"line":90,"column":130}},{"start":{"line":92,"column":12},"end":{"line":105,"column":20}},{"start":{"line":107,"column":12},"end":{"line":110,"column":33}},{"start":{"line":112,"column":12},"end":{"line":112,"column":20}},{"start":{"line":113,"column":12},"end":{"line":114,"column":38}}],"line":81}},"s":{"0":1,"1":1,"2":1,"3":1,"4":1,"5":3,"6":0,"7":0,"8":1,"9":1,"10":2,"11":2,"12":2,"13":2,"14":2,"15":2,"16":1,"17":0,"18":1,"19":1,"20":1,"21":1,"22":0,"23":1,"24":1,"25":3,"26":4,"27":1,"28":1,"29":1,"30":1,"31":1,"32":1,"33":1,"34":1,"35":1,"36":1,"37":1,"38":1,"39":0,"40":0,"41":0,"42":1,"43":1,"44":3,"45":4,"46":1,"47":1,"48":1,"49":1,"50":1,"51":1,"52":1,"53":1,"54":1,"55":1,"56":1,"57":0,"58":0,"59":0,"60":1,"61":1,"62":1,"63":1},"f":{"0":3,"1":0,"2":1,"3":1,"4":1,"5":0,"6":1,"7":3,"8":1,"9":3},"b":{"0":[3,0],"1":[3,3],"2":[0,0],"3":[2,2],"4":[2,0],"5":[0,1],"6":[1,0],"7":[1,1,1,0,1,1],"8":[1,1,1,0,1,1]},"_coverageSchema":"43e27e138ebf9cfc5966b082cf9a028302ed4184","hash":"5a6f2d34d46e9b676603a5c3805376907731693f","contentHash":"9130155a7d7c64d7ff2bf76bdfd3c152f29a6e7c331cd881d1af5275383f16d8"}}